{"level":"warn","message":"GET /images/icons/gear.png"}
{"level":"warn","message":"GET /infods"}
{"level":"warn","message":"GET /aaaa"}
{"level":"warn","message":"GET /images/icons/gear.png"}
{"level":"warn","message":"GET /infofdfd"}
{"level":"warn","message":"GET /infoo"}
{"level":"warn","message":"GET /favicon.ico"}
{"level":"warn","message":"GET /sdgdsg"}
{"level":"warn","message":"GET /favicon.ico"}
{"level":"warn","message":"GET /"}
{"level":"warn","message":"GET /"}
{"level":"warn","message":"GET /"}
{"level":"warn","message":"GET /"}
{"level":"warn","message":"GET /"}
{"level":"warn","message":"GET /"}
{"level":"warn","message":"GET /"}
{"level":"warn","message":"GET /"}
{"level":"warn","message":"GET /"}
{"level":"warn","message":"GET /"}
{"level":"warn","message":"GET /"}
{"level":"warn","message":"GET /"}
{"level":"warn","message":"GET /"}
{"level":"warn","message":"GET /"}
{"level":"warn","message":"GET /"}
{"level":"warn","message":"GET /"}
{"level":"warn","message":"GET /favicon.ico"}
{"level":"warn","message":"GET /images/icons/gear.png"}
{"level":"warn","message":"GET /favicon.ico"}
{"level":"warn","message":"GET /images/icons/gear.png"}
