2022-09-17 21:03:52:352 [31merror[39m: [31mconnect ECONNREFUSED ::1:27017[39m
2022-09-17 21:14:10:1410 [37mdebug[39m: [37mServer is running on port 8080[39m
2022-09-17 21:15:55:1555 [37mdebug[39m: [37mServer is running on port 8080[39m
2022-09-17 21:16:16:1616 [37mdebug[39m: [37mConnected to DB[39m
2022-09-17 21:16:16:1616 [37mdebug[39m: [37mServer is running on port 8080[39m
2022-09-17 21:17:03:173 [37mdebug[39m: [37mConnected to DB[39m
2022-09-17 21:17:03:173 [37mdebug[39m: [37mServer is running on port 8080[39m
2022-09-17 21:17:28:1728 [37mdebug[39m: [37mConnected to DB[39m
2022-09-17 21:17:28:1728 [37mdebug[39m: [37mServer is running on port 8080[39m
2022-09-17 21:18:04:184 [37mdebug[39m: [37mConnected to DB[39m
2022-09-17 21:18:04:184 [37mdebug[39m: [37mServer is running on port 8080[39m
2022-09-17 21:18:33:1833 [37mdebug[39m: [37mConnected to DB[39m
2022-09-17 21:18:33:1833 [37mdebug[39m: [37mServer is running on port 8080[39m
2022-09-17 21:18:55:1855 [37mdebug[39m: [37mConnected to DB[39m
2022-09-17 21:18:55:1855 [37mdebug[39m: [37mServer is running on port 8080[39m
2022-09-17 21:19:24:1924 [37mdebug[39m: [37mConnected to DB[39m
2022-09-17 21:19:24:1924 [37mdebug[39m: [37mServer is running on port 8080[39m
2022-09-17 21:19:33:1933 [37mdebug[39m: [37mConnected to DB[39m
2022-09-17 21:19:33:1933 [37mdebug[39m: [37mServer is running on port 8080[39m
2022-09-17 21:20:34:2034 [37mdebug[39m: [37mConnected to DB[39m
2022-09-17 21:20:34:2034 [37mdebug[39m: [37mServer is running on port 8080[39m
2022-09-17 21:20:40:2040 [37mdebug[39m: [37mConnected to DB[39m
2022-09-17 21:20:40:2040 [37mdebug[39m: [37mServer is running on port 8080[39m
2022-09-17 21:22:06:226 [37mdebug[39m: [37mConnected to DB[39m
2022-09-17 21:22:06:226 [37mdebug[39m: [37mServer is running on port 8080[39m
2022-09-17 21:22:19:2219 [37mdebug[39m: [37mConnected to DB[39m
2022-09-17 21:22:19:2219 [37mdebug[39m: [37mServer is running on port 8080[39m
2022-09-17 21:26:32:2632 [37mdebug[39m: [37mConnected to DB[39m
2022-09-17 21:26:32:2632 [37mdebug[39m: [37mServer is running on port 8080[39m
2022-09-17 21:28:01:281 [37mdebug[39m: [37mConnected to DB[39m
2022-09-17 21:28:01:281 [37mdebug[39m: [37mServer is running on port 8080[39m
2022-09-17 21:28:14:2814 [37mdebug[39m: [37mConnected to DB[39m
2022-09-17 21:28:14:2814 [37mdebug[39m: [37mServer is running on port 8080[39m
2022-09-17 21:29:25:2925 [37mdebug[39m: [37mConnected to DB[39m
2022-09-17 21:29:25:2925 [37mdebug[39m: [37mServer is running on port 8080[39m
2022-09-17 21:29:33:2933 [37mdebug[39m: [37mConnected to DB[39m
2022-09-17 21:29:33:2933 [37mdebug[39m: [37mServer is running on port 8080[39m
2022-09-17 21:30:12:3012 [37mdebug[39m: [37mConnected to DB[39m
2022-09-17 21:30:12:3012 [37mdebug[39m: [37mServer is running on port 8080[39m
2022-09-17 21:30:20:3020 [37mdebug[39m: [37mConnected to DB[39m
2022-09-17 21:30:20:3020 [37mdebug[39m: [37mServer is running on port 8080[39m
2022-09-17 21:30:47:3047 [37mdebug[39m: [37mConnected to DB[39m
2022-09-17 21:30:47:3047 [37mdebug[39m: [37mServer is running on port 8080[39m
2022-09-17 21:30:57:3057 [37mdebug[39m: [37mConnected to DB[39m
2022-09-17 21:30:57:3057 [37mdebug[39m: [37mServer is running on port 8080[39m
2022-09-17 21:31:24:3124 [37mdebug[39m: [37mConnected to DB[39m
2022-09-17 21:31:24:3124 [37mdebug[39m: [37mServer is running on port 8080[39m
2022-09-17 21:31:41:3141 [37mdebug[39m: [37mConnected to DB[39m
2022-09-17 21:31:41:3141 [37mdebug[39m: [37mServer is running on port 8080[39m
2022-09-17 21:33:17:3317 [37mdebug[39m: [37mConnected to DB[39m
2022-09-17 21:33:17:3317 [37mdebug[39m: [37mServer is running on port 8080[39m
2022-09-17 21:37:24:3724 [37mdebug[39m: [37mConnected to DB[39m
2022-09-17 21:37:24:3724 [37mdebug[39m: [37mServer is running on port 8080[39m
2022-09-17 21:37:31:3731 [37mdebug[39m: [37mConnected to DB[39m
2022-09-17 21:37:31:3731 [37mdebug[39m: [37mServer is running on port 8080[39m
2022-09-17 21:37:41:3741 [37mdebug[39m: [37mConnected to DB[39m
2022-09-17 21:37:41:3741 [37mdebug[39m: [37mServer is running on port 8080[39m
2022-09-17 21:38:21:3821 [37mdebug[39m: [37mConnected to DB[39m
2022-09-17 21:38:21:3821 [37mdebug[39m: [37mServer is running on port 8080[39m
2022-09-17 21:40:10:4010 [37mdebug[39m: [37mConnected to DB[39m
2022-09-17 21:40:10:4010 [37mdebug[39m: [37mServer is running on port 8080[39m
2022-09-17 21:40:30:4030 [37mdebug[39m: [37mConnected to DB[39m
2022-09-17 21:40:30:4030 [37mdebug[39m: [37mServer is running on port 8080[39m
2022-09-17 21:40:51:4051 [37mdebug[39m: [37mConnected to DB[39m
2022-09-17 21:40:51:4051 [37mdebug[39m: [37mServer is running on port 8080[39m
2022-09-17 21:41:23:4123 [37mdebug[39m: [37mConnected to DB[39m
2022-09-17 21:41:23:4123 [37mdebug[39m: [37mServer is running on port 8080[39m
2022-09-17 21:42:14:4214 [37mdebug[39m: [37mConnected to DB[39m
2022-09-17 21:42:14:4214 [37mdebug[39m: [37mServer is running on port 8080[39m
2022-09-17 21:42:46:4246 [37mdebug[39m: [37mConnected to DB[39m
2022-09-17 21:42:46:4246 [37mdebug[39m: [37mServer is running on port 8080[39m
2022-09-17 21:43:39:4339 [37mdebug[39m: [37mConnected to DB[39m
2022-09-17 21:43:39:4339 [37mdebug[39m: [37mServer is running on port 8080[39m
2022-09-17 21:43:49:4349 [37mdebug[39m: [37mConnected to DB[39m
2022-09-17 21:43:49:4349 [37mdebug[39m: [37mServer is running on port 8080[39m
2022-09-17 21:43:59:4359 [37mdebug[39m: [37mConnected to DB[39m
2022-09-17 21:43:59:4359 [37mdebug[39m: [37mServer is running on port 8080[39m
2022-09-17 21:44:11:4411 [37mdebug[39m: [37mConnected to DB[39m
2022-09-17 21:44:11:4411 [37mdebug[39m: [37mServer is running on port 8080[39m
2022-09-17 21:45:08:458 [37mdebug[39m: [37mConnected to DB[39m
2022-09-17 21:45:08:458 [37mdebug[39m: [37mServer is running on port 8080[39m
2022-09-17 21:45:28:4528 [37mdebug[39m: [37mConnected to DB[39m
2022-09-17 21:45:28:4528 [37mdebug[39m: [37mServer is running on port 8080[39m
2022-09-17 21:46:03:463 [37mdebug[39m: [37mConnected to DB[39m
2022-09-17 21:46:03:463 [37mdebug[39m: [37mServer is running on port 8080[39m
2022-09-17 21:46:10:4610 [37mdebug[39m: [37mConnected to DB[39m
2022-09-17 21:46:10:4610 [37mdebug[39m: [37mServer is running on port 8080[39m
2022-09-18 02:08:34:834 [37mdebug[39m: [37mConnected to DB[39m
2022-09-18 02:08:34:834 [37mdebug[39m: [37mServer is running on port 8080[39m
2022-09-18 02:10:40:1040 [37mdebug[39m: [37mConnected to DB[39m
2022-09-18 02:10:40:1040 [37mdebug[39m: [37mServer is running on port 8080[39m
2022-09-18 02:10:47:1047 [37mdebug[39m: [37mConnected to DB[39m
2022-09-18 02:10:47:1047 [37mdebug[39m: [37mServer is running on port 8080[39m
2022-09-18 02:20:54:2054 [37mdebug[39m: [37mConnected to DB[39m
2022-09-18 02:20:54:2054 [37mdebug[39m: [37mServer is running on port 8080[39m
2022-09-18 02:24:01:241 [37mdebug[39m: [37mConnected to DB[39m
2022-09-18 02:24:01:241 [37mdebug[39m: [37mServer is running on port 8080[39m
2022-09-18 02:26:45:2645 [37mdebug[39m: [37mConnected to DB[39m
2022-09-18 02:26:45:2645 [37mdebug[39m: [37mServer is running on port 8080[39m
2022-09-18 02:26:51:2651 [37mdebug[39m: [37mConnected to DB[39m
2022-09-18 02:26:51:2651 [37mdebug[39m: [37mServer is running on port 8080[39m
2022-09-18 02:28:15:2815 [37mdebug[39m: [37mConnected to DB[39m
2022-09-18 02:28:15:2815 [37mdebug[39m: [37mServer is running on port 8080[39m
2022-09-18 02:28:24:2824 [37mdebug[39m: [37mConnected to DB[39m
2022-09-18 02:28:24:2824 [37mdebug[39m: [37mServer is running on port 8080[39m
2022-09-18 02:28:31:2831 [37mdebug[39m: [37mConnected to DB[39m
2022-09-18 02:28:31:2831 [37mdebug[39m: [37mServer is running on port 8080[39m
2022-09-18 02:28:35:2835 [37mdebug[39m: [37mConnected to DB[39m
2022-09-18 02:28:35:2835 [37mdebug[39m: [37mServer is running on port 8080[39m
2022-09-18 02:29:17:2917 [37mdebug[39m: [37mConnected to DB[39m
2022-09-18 02:29:17:2917 [37mdebug[39m: [37mServer is running on port 8080[39m
2022-09-18 02:29:20:2920 [37mdebug[39m: [37mConnected to DB[39m
2022-09-18 02:29:20:2920 [37mdebug[39m: [37mServer is running on port 8080[39m
2022-09-18 02:29:30:2930 [37mdebug[39m: [37mConnected to DB[39m
2022-09-18 02:29:30:2930 [37mdebug[39m: [37mServer is running on port 8080[39m
2022-09-18 02:29:40:2940 [37mdebug[39m: [37mConnected to DB[39m
2022-09-18 02:29:40:2940 [37mdebug[39m: [37mServer is running on port 8080[39m
2022-09-18 02:29:41:2941 [37mdebug[39m: [37mConnected to DB[39m
2022-09-18 02:29:41:2941 [37mdebug[39m: [37mServer is running on port 8080[39m
2022-09-18 02:29:45:2945 [37mdebug[39m: [37mConnected to DB[39m
2022-09-18 02:29:45:2945 [37mdebug[39m: [37mServer is running on port 8080[39m
2022-09-18 02:30:12:3012 [37mdebug[39m: [37mConnected to DB[39m
2022-09-18 02:30:12:3012 [37mdebug[39m: [37mServer is running on port 8080[39m
2022-09-18 02:30:21:3021 [37mdebug[39m: [37mConnected to DB[39m
2022-09-18 02:30:21:3021 [37mdebug[39m: [37mServer is running on port 8080[39m
2022-09-18 02:30:30:3030 [37mdebug[39m: [37mConnected to DB[39m
2022-09-18 02:30:30:3030 [37mdebug[39m: [37mServer is running on port 8080[39m
2022-09-18 02:30:40:3040 [37mdebug[39m: [37mConnected to DB[39m
2022-09-18 02:30:40:3040 [37mdebug[39m: [37mServer is running on port 8080[39m
2022-09-18 02:31:50:3150 [37mdebug[39m: [37mConnected to DB[39m
2022-09-18 02:31:50:3150 [37mdebug[39m: [37mServer is running on port 8080[39m
2022-09-18 02:31:57:3157 [37mdebug[39m: [37mConnected to DB[39m
2022-09-18 02:31:57:3157 [37mdebug[39m: [37mServer is running on port 8080[39m
2022-09-18 02:32:24:3224 [37mdebug[39m: [37mConnected to DB[39m
2022-09-18 02:32:24:3224 [37mdebug[39m: [37mServer is running on port 8080[39m
2022-09-18 02:32:43:3243 [37mdebug[39m: [37mConnected to DB[39m
2022-09-18 02:32:43:3243 [37mdebug[39m: [37mServer is running on port 8080[39m
2022-09-18 02:36:21:3621 [37mdebug[39m: [37mConnected to DB[39m
2022-09-18 02:36:21:3621 [37mdebug[39m: [37mServer is running on port 8080[39m
2022-09-18 02:36:22:3622 [31merror[39m: [31mErro registrando usuario bcrypt is not defined[39m
2022-09-18 02:36:37:3637 [37mdebug[39m: [37mConnected to DB[39m
2022-09-18 02:36:37:3637 [37mdebug[39m: [37mServer is running on port 8080[39m
2022-09-18 02:37:17:3717 [37mdebug[39m: [37mConnected to DB[39m
2022-09-18 02:37:17:3717 [37mdebug[39m: [37mServer is running on port 8080[39m
2022-09-18 02:37:23:3723 [31merror[39m: [31mError registrando usuario users validation failed: avatar: Path `avatar` is required., age: Path `age` is required., phone: Path `phone` is required., address: Path `address` is required., name: Path `name` is required.[39m
2022-09-18 02:38:27:3827 [31merror[39m: [31mError registrando usuario users validation failed: avatar: Path `avatar` is required., age: Path `age` is required., phone: Path `phone` is required., address: Path `address` is required., name: Path `name` is required.[39m
2022-09-18 02:39:16:3916 [37mdebug[39m: [37mConnected to DB[39m
2022-09-18 02:39:16:3916 [37mdebug[39m: [37mServer is running on port 8080[39m
2022-09-18 02:39:21:3921 [31merror[39m: [31mUser is not defined[39m
2022-09-18 02:39:31:3931 [37mdebug[39m: [37mConnected to DB[39m
2022-09-18 02:39:31:3931 [37mdebug[39m: [37mServer is running on port 8080[39m
2022-09-18 02:40:31:4031 [37mdebug[39m: [37mConnected to DB[39m
2022-09-18 02:40:31:4031 [37mdebug[39m: [37mServer is running on port 8080[39m
2022-09-18 02:41:17:4117 [37mdebug[39m: [37mConnected to DB[39m
2022-09-18 02:41:17:4117 [37mdebug[39m: [37mServer is running on port 8080[39m
2022-09-18 02:41:55:4155 [37mdebug[39m: [37mConnected to DB[39m
2022-09-18 02:41:55:4155 [37mdebug[39m: [37mServer is running on port 8080[39m
2022-09-18 16:00:59:059 [37mdebug[39m: [37mConnected to DB[39m
2022-09-18 16:00:59:059 [37mdebug[39m: [37mServer is running on port 8080[39m
2022-09-18 16:01:01:11 [31merror[39m: [31mCannot read properties of undefined (reading 'avatar')[39m
2022-09-18 16:04:03:43 [31merror[39m: [31musers validation failed: avatar: Path `avatar` is required.[39m
2022-09-18 16:05:56:556 [37mdebug[39m: [37mConnected to DB[39m
2022-09-18 16:05:56:556 [37mdebug[39m: [37mServer is running on port 8080[39m
2022-09-18 16:06:07:67 [37mdebug[39m: [37mConnected to DB[39m
2022-09-18 16:06:07:67 [37mdebug[39m: [37mServer is running on port 8080[39m
2022-09-18 16:06:10:610 [37mdebug[39m: [37mConnected to DB[39m
2022-09-18 16:06:10:610 [37mdebug[39m: [37mServer is running on port 8080[39m
2022-09-18 16:06:14:614 [37mdebug[39m: [37mConnected to DB[39m
2022-09-18 16:06:14:614 [37mdebug[39m: [37mServer is running on port 8080[39m
2022-09-18 16:06:55:655 [37mdebug[39m: [37mConnected to DB[39m
2022-09-18 16:06:55:655 [37mdebug[39m: [37mServer is running on port 8080[39m
2022-09-18 16:08:13:813 [37mdebug[39m: [37mConnected to DB[39m
2022-09-18 16:08:13:813 [37mdebug[39m: [37mServer is running on port 8080[39m
2022-09-18 16:08:21:821 [37mdebug[39m: [37mConnected to DB[39m
2022-09-18 16:08:21:821 [37mdebug[39m: [37mServer is running on port 8080[39m
2022-09-18 16:08:51:851 [37mdebug[39m: [37mConnected to DB[39m
2022-09-18 16:08:51:851 [37mdebug[39m: [37mServer is running on port 8080[39m
2022-09-18 16:09:48:948 [37mdebug[39m: [37mConnected to DB[39m
2022-09-18 16:09:48:948 [37mdebug[39m: [37mServer is running on port 8080[39m
2022-09-18 16:11:26:1126 [37mdebug[39m: [37mConnected to DB[39m
2022-09-18 16:11:26:1126 [37mdebug[39m: [37mServer is running on port 8080[39m
2022-09-18 16:12:17:1217 [37mdebug[39m: [37mConnected to DB[39m
2022-09-18 16:12:17:1217 [37mdebug[39m: [37mServer is running on port 8080[39m
2022-09-18 16:14:22:1422 [37mdebug[39m: [37mConnected to DB[39m
2022-09-18 16:14:22:1422 [37mdebug[39m: [37mServer is running on port 8080[39m
2022-09-18 16:14:56:1456 [37mdebug[39m: [37mConnected to DB[39m
2022-09-18 16:14:56:1456 [37mdebug[39m: [37mServer is running on port 8080[39m
2022-09-18 16:15:14:1514 [37mdebug[39m: [37mConnected to DB[39m
2022-09-18 16:15:14:1514 [37mdebug[39m: [37mServer is running on port 8080[39m
2022-09-18 16:15:27:1527 [37mdebug[39m: [37mConnected to DB[39m
2022-09-18 16:15:27:1527 [37mdebug[39m: [37mServer is running on port 8080[39m
2022-09-18 16:18:31:1831 [37mdebug[39m: [37mConnected to DB[39m
2022-09-18 16:18:31:1831 [37mdebug[39m: [37mServer is running on port 8080[39m
2022-09-18 16:19:29:1929 [31merror[39m: [31mE11000 duplicate key error collection: coderecommerce.users index: username_1 dup key: { username: null }[39m
2022-09-18 16:19:43:1943 [31merror[39m: [31mE11000 duplicate key error collection: coderecommerce.users index: username_1 dup key: { username: null }[39m
2022-09-18 16:19:50:1950 [31merror[39m: [31mE11000 duplicate key error collection: coderecommerce.users index: username_1 dup key: { username: null }[39m
2022-09-18 16:23:12:2312 [37mdebug[39m: [37mConnected to DB[39m
2022-09-18 16:23:12:2312 [37mdebug[39m: [37mServer is running on port 8080[39m
2022-09-18 16:24:02:242 [37mdebug[39m: [37mConnected to DB[39m
2022-09-18 16:24:02:242 [37mdebug[39m: [37mServer is running on port 8080[39m
2022-09-18 16:24:25:2425 [37mdebug[39m: [37mConnected to DB[39m
2022-09-18 16:24:25:2425 [37mdebug[39m: [37mServer is running on port 8080[39m
2022-09-18 16:24:49:2449 [37mdebug[39m: [37mConnected to DB[39m
2022-09-18 16:24:49:2449 [37mdebug[39m: [37mServer is running on port 8080[39m
2022-09-18 16:25:47:2547 [37mdebug[39m: [37mConnected to DB[39m
2022-09-18 16:25:47:2547 [37mdebug[39m: [37mServer is running on port 8080[39m
2022-09-18 16:27:50:2750 [37mdebug[39m: [37mConnected to DB[39m
2022-09-18 16:27:50:2750 [37mdebug[39m: [37mServer is running on port 8080[39m
2022-09-18 16:30:42:3042 [37mdebug[39m: [37mConnected to DB[39m
2022-09-18 16:30:42:3042 [37mdebug[39m: [37mServer is running on port 8080[39m
2022-09-18 16:32:54:3254 [37mdebug[39m: [37mConnected to DB[39m
2022-09-18 16:32:54:3254 [37mdebug[39m: [37mServer is running on port 8080[39m
2022-09-18 16:33:22:3322 [37mdebug[39m: [37mConnected to DB[39m
2022-09-18 16:33:22:3322 [37mdebug[39m: [37mServer is running on port 8080[39m
2022-09-18 16:33:37:3337 [37mdebug[39m: [37mConnected to DB[39m
2022-09-18 16:33:37:3337 [37mdebug[39m: [37mServer is running on port 8080[39m
2022-09-18 16:33:57:3357 [37mdebug[39m: [37mConnected to DB[39m
2022-09-18 16:33:57:3357 [37mdebug[39m: [37mServer is running on port 8080[39m
2022-09-18 16:40:25:4025 [37mdebug[39m: [37mConnected to DB[39m
2022-09-18 16:40:25:4025 [37mdebug[39m: [37mServer is running on port 8080[39m
2022-09-18 16:43:58:4358 [37mdebug[39m: [37mConnected to DB[39m
2022-09-18 16:43:58:4358 [37mdebug[39m: [37mServer is running on port 8080[39m
2022-09-18 16:46:24:4624 [37mdebug[39m: [37mConnected to DB[39m
2022-09-18 16:46:24:4624 [37mdebug[39m: [37mServer is running on port 8080[39m
2022-09-18 16:47:00:470 [37mdebug[39m: [37mConnected to DB[39m
2022-09-18 16:47:00:470 [37mdebug[39m: [37mServer is running on port 8080[39m
2022-09-18 16:54:25:5425 [31merror[39m: [31mCannot read properties of undefined (reading 'path')[39m
2022-09-18 17:19:52:1952 [37mdebug[39m: [37mConnected to DB[39m
2022-09-18 17:19:52:1952 [37mdebug[39m: [37mServer is running on port 8080[39m
2022-09-18 17:34:09:349 [37mdebug[39m: [37mConnected to DB[39m
2022-09-18 17:34:09:349 [37mdebug[39m: [37mServer is running on port 8080[39m
2022-09-18 17:34:36:3436 [37mdebug[39m: [37mConnected to DB[39m
2022-09-18 17:34:36:3436 [37mdebug[39m: [37mServer is running on port 8080[39m
2022-09-18 17:34:46:3446 [37mdebug[39m: [37mConnected to DB[39m
2022-09-18 17:34:46:3446 [37mdebug[39m: [37mServer is running on port 8080[39m
2022-09-18 17:34:57:3457 [37mdebug[39m: [37mConnected to DB[39m
2022-09-18 17:34:57:3457 [37mdebug[39m: [37mServer is running on port 8080[39m
2022-09-18 17:35:10:3510 [37mdebug[39m: [37mConnected to DB[39m
2022-09-18 17:35:10:3510 [37mdebug[39m: [37mServer is running on port 8080[39m
2022-09-18 17:35:26:3526 [37mdebug[39m: [37mConnected to DB[39m
2022-09-18 17:35:26:3526 [37mdebug[39m: [37mServer is running on port 8080[39m
2022-09-18 17:35:30:3530 [37mdebug[39m: [37mConnected to DB[39m
2022-09-18 17:35:30:3530 [37mdebug[39m: [37mServer is running on port 8080[39m
2022-09-18 17:35:46:3546 [37mdebug[39m: [37mConnected to DB[39m
2022-09-18 17:35:46:3546 [37mdebug[39m: [37mServer is running on port 8080[39m
2022-09-18 17:36:39:3639 [37mdebug[39m: [37mConnected to DB[39m
2022-09-18 17:36:39:3639 [37mdebug[39m: [37mServer is running on port 8080[39m
2022-09-18 17:38:13:3813 [37mdebug[39m: [37mConnected to DB[39m
2022-09-18 17:38:13:3813 [37mdebug[39m: [37mServer is running on port 8080[39m
2022-09-18 17:41:13:4113 [37mdebug[39m: [37mConnected to DB[39m
2022-09-18 17:41:13:4113 [37mdebug[39m: [37mServer is running on port 8080[39m
2022-09-18 17:41:41:4141 [37mdebug[39m: [37mConnected to DB[39m
2022-09-18 17:41:41:4141 [37mdebug[39m: [37mServer is running on port 8080[39m
2022-09-18 17:43:29:4329 [37mdebug[39m: [37mConnected to DB[39m
2022-09-18 17:43:29:4329 [37mdebug[39m: [37mServer is running on port 8080[39m
2022-09-18 17:43:54:4354 [37mdebug[39m: [37mConnected to DB[39m
2022-09-18 17:43:54:4354 [37mdebug[39m: [37mServer is running on port 8080[39m
2022-09-18 17:45:45:4545 [37mdebug[39m: [37mConnected to DB[39m
2022-09-18 17:45:45:4545 [37mdebug[39m: [37mServer is running on port 8080[39m
2022-09-18 17:46:59:4659 [37mdebug[39m: [37mConnected to DB[39m
2022-09-18 17:46:59:4659 [37mdebug[39m: [37mServer is running on port 8080[39m
2022-09-18 17:47:25:4725 [37mdebug[39m: [37mConnected to DB[39m
2022-09-18 17:47:25:4725 [37mdebug[39m: [37mServer is running on port 8080[39m
2022-09-18 17:47:36:4736 [37mdebug[39m: [37mConnected to DB[39m
2022-09-18 17:47:36:4736 [37mdebug[39m: [37mServer is running on port 8080[39m
2022-09-18 17:48:21:4821 [37mdebug[39m: [37mConnected to DB[39m
2022-09-18 17:48:21:4821 [37mdebug[39m: [37mServer is running on port 8080[39m
2022-09-18 17:48:38:4838 [37mdebug[39m: [37mConnected to DB[39m
2022-09-18 17:48:38:4838 [37mdebug[39m: [37mServer is running on port 8080[39m
2022-09-18 17:50:03:503 [37mdebug[39m: [37mConnected to DB[39m
2022-09-18 17:50:03:503 [37mdebug[39m: [37mServer is running on port 8080[39m
2022-09-18 17:50:48:5048 [37mdebug[39m: [37mConnected to DB[39m
2022-09-18 17:50:48:5048 [37mdebug[39m: [37mServer is running on port 8080[39m
2022-09-18 17:51:21:5121 [37mdebug[39m: [37mConnected to DB[39m
2022-09-18 17:51:21:5121 [37mdebug[39m: [37mServer is running on port 8080[39m
2022-09-18 17:53:23:5323 [37mdebug[39m: [37mConnected to DB[39m
2022-09-18 17:53:23:5323 [37mdebug[39m: [37mServer is running on port 8080[39m
2022-09-18 17:53:41:5341 [37mdebug[39m: [37mConnected to DB[39m
2022-09-18 17:53:41:5341 [37mdebug[39m: [37mServer is running on port 8080[39m
2022-09-18 17:53:43:5343 [37mdebug[39m: [37mConnected to DB[39m
2022-09-18 17:53:43:5343 [37mdebug[39m: [37mServer is running on port 8080[39m
2022-09-18 17:53:44:5344 [37mdebug[39m: [37mConnected to DB[39m
2022-09-18 17:53:44:5344 [37mdebug[39m: [37mServer is running on port 8080[39m
2022-09-18 17:53:55:5355 [37mdebug[39m: [37mConnected to DB[39m
2022-09-18 17:53:55:5355 [37mdebug[39m: [37mServer is running on port 8080[39m
2022-09-18 18:03:41:341 [37mdebug[39m: [37mConnected to DB[39m
2022-09-18 18:03:41:341 [37mdebug[39m: [37mServer is running on port 8080[39m
2022-09-18 18:05:00:50 [37mdebug[39m: [37mConnected to DB[39m
2022-09-18 18:05:00:50 [37mdebug[39m: [37mServer is running on port 8080[39m
2022-09-18 18:05:03:53 [37mdebug[39m: [37mConnected to DB[39m
2022-09-18 18:05:03:53 [37mdebug[39m: [37mServer is running on port 8080[39m
2022-09-18 18:05:29:529 [37mdebug[39m: [37mConnected to DB[39m
2022-09-18 18:05:29:529 [37mdebug[39m: [37mServer is running on port 8080[39m
2022-09-18 18:05:40:540 [37mdebug[39m: [37mConnected to DB[39m
2022-09-18 18:05:40:540 [37mdebug[39m: [37mServer is running on port 8080[39m
2022-09-18 18:10:06:106 [37mdebug[39m: [37mConnected to DB[39m
2022-09-18 18:10:06:106 [37mdebug[39m: [37mServer is running on port 8080[39m
2022-09-18 19:37:01:371 [37mdebug[39m: [37mConnected to DB[39m
2022-09-18 19:37:01:371 [37mdebug[39m: [37mServer is running on port 8080[39m
2022-09-18 19:38:07:387 [37mdebug[39m: [37mConnected to DB[39m
2022-09-18 19:38:07:387 [37mdebug[39m: [37mServer is running on port 8080[39m
2022-09-18 19:38:17:3817 [37mdebug[39m: [37mConnected to DB[39m
2022-09-18 19:38:17:3817 [37mdebug[39m: [37mServer is running on port 8080[39m
2022-09-18 19:38:42:3842 [37mdebug[39m: [37mConnected to DB[39m
2022-09-18 19:38:42:3842 [37mdebug[39m: [37mServer is running on port 8080[39m
2022-09-18 19:39:48:3948 [37mdebug[39m: [37mConnected to DB[39m
2022-09-18 19:39:48:3948 [37mdebug[39m: [37mServer is running on port 8080[39m
2022-09-18 19:40:03:403 [37mdebug[39m: [37mConnected to DB[39m
2022-09-18 19:40:03:403 [37mdebug[39m: [37mServer is running on port 8080[39m
2022-09-18 19:40:07:407 [37mdebug[39m: [37mConnected to DB[39m
2022-09-18 19:40:07:407 [37mdebug[39m: [37mServer is running on port 8080[39m
2022-09-18 19:41:15:4115 [37mdebug[39m: [37mConnected to DB[39m
2022-09-18 19:41:15:4115 [37mdebug[39m: [37mServer is running on port 8080[39m
2022-09-18 19:42:34:4234 [37mdebug[39m: [37mConnected to DB[39m
2022-09-18 19:42:34:4234 [37mdebug[39m: [37mServer is running on port 8080[39m
2022-09-18 19:43:14:4314 [37mdebug[39m: [37mConnected to DB[39m
2022-09-18 19:43:14:4314 [37mdebug[39m: [37mServer is running on port 8080[39m
2022-09-18 19:43:58:4358 [37mdebug[39m: [37mConnected to DB[39m
2022-09-18 19:43:58:4358 [37mdebug[39m: [37mServer is running on port 8080[39m
2022-09-18 19:44:14:4414 [37mdebug[39m: [37mConnected to DB[39m
2022-09-18 19:44:14:4414 [37mdebug[39m: [37mServer is running on port 8080[39m
2022-09-18 19:44:19:4419 [37mdebug[39m: [37mConnected to DB[39m
2022-09-18 19:44:19:4419 [37mdebug[39m: [37mServer is running on port 8080[39m
2022-09-18 19:48:14:4814 [37mdebug[39m: [37mConnected to DB[39m
2022-09-18 19:48:14:4814 [37mdebug[39m: [37mServer is running on port 8080[39m
2022-09-18 19:49:22:4922 [37mdebug[39m: [37mConnected to DB[39m
2022-09-18 19:49:22:4922 [37mdebug[39m: [37mServer is running on port 8080[39m
2022-09-18 19:59:07:597 [37mdebug[39m: [37mConnected to DB[39m
2022-09-18 19:59:07:597 [37mdebug[39m: [37mServer is running on port 8080[39m
2022-09-18 20:02:45:245 [37mdebug[39m: [37mConnected to DB[39m
2022-09-18 20:02:45:245 [37mdebug[39m: [37mServer is running on port 8080[39m
