2022-09-17 21:03:52:352 [31merror[39m: [31mconnect ECONNREFUSED ::1:27017[39m
2022-09-18 02:36:22:3622 [31merror[39m: [31mErro registrando usuario bcrypt is not defined[39m
2022-09-18 02:37:23:3723 [31merror[39m: [31mError registrando usuario users validation failed: avatar: Path `avatar` is required., age: Path `age` is required., phone: Path `phone` is required., address: Path `address` is required., name: Path `name` is required.[39m
2022-09-18 02:38:27:3827 [31merror[39m: [31mError registrando usuario users validation failed: avatar: Path `avatar` is required., age: Path `age` is required., phone: Path `phone` is required., address: Path `address` is required., name: Path `name` is required.[39m
2022-09-18 02:39:21:3921 [31merror[39m: [31mUser is not defined[39m
2022-09-18 16:01:01:11 [31merror[39m: [31mCannot read properties of undefined (reading 'avatar')[39m
2022-09-18 16:04:03:43 [31merror[39m: [31musers validation failed: avatar: Path `avatar` is required.[39m
2022-09-18 16:19:29:1929 [31merror[39m: [31mE11000 duplicate key error collection: coderecommerce.users index: username_1 dup key: { username: null }[39m
2022-09-18 16:19:43:1943 [31merror[39m: [31mE11000 duplicate key error collection: coderecommerce.users index: username_1 dup key: { username: null }[39m
2022-09-18 16:19:50:1950 [31merror[39m: [31mE11000 duplicate key error collection: coderecommerce.users index: username_1 dup key: { username: null }[39m
2022-09-18 16:54:25:5425 [31merror[39m: [31mCannot read properties of undefined (reading 'path')[39m
2022-09-18 21:00:16:016 [31merror[39m: [31mreq is not defined[39m
2022-09-18 21:07:02:72 [31merror[39m: [31mCast to string failed for value "<ref *2> IncomingMessage {[39m
[31m  _readableState: ReadableState {[39m
[31m    objectMode: false,[39m
[31m    highWaterMark: 16384,[39m
[31m    buffer: BufferList { head: null, tail: null, length: 0 },[39m
[31m    length: 0,[39m
[31m    pipes: [],[39m
[31m    flowing: true,[39m
[31m    ended: true,[39m
[31m    endEmitted: true,[39m
[31m    reading: false,[39m
[31m    constructed: true,[39m
[31m    sync: false,[39m
[31m    needReadable: false,[39m
[31m    emittedReadable: false,[39m
[31m    readableListening: false,[39m
[31m    resumeScheduled: false,[39m
[31m    errorEmitted: false,[39m
[31m    emitClose: true,[39m
[31m    autoDestroy: true,[39m
[31m    destroyed: true,[39m
[31m    errored: null,[39m
[31m    closed: true,[39m
[31m    closeEmitted: true,[39m
[31m    defaultEncoding: 'utf8',[39m
[31m    awaitDrainWriters: null,[39m
[31m    multiAwaitDrain: false,[39m
[31m    readingMore: false,[39m
[31m    dataEmitted: true,[39m
[31m    decoder: null,[39m
[31m    encoding: null,[39m
[31m    [Symbol(kPaused)]: false[39m
[31m  },[39m
[31m  _events: [Object: null prototype] {},[39m
[31m  _eventsCount: 0,[39m
[31m  _maxListeners: undefined,[39m
[31m  socket: <ref *1> Socket {[39m
[31m    connecting: false,[39m
[31m    _hadError: false,[39m
[31m    _parent: null,[39m
[31m    _host: null,[39m
[31m    _readableState: ReadableState {[39m
[31m      objectMode: false,[39m
[31m      highWaterMark: 16384,[39m
[31m      buffer: BufferList { head: null, tail: null, length: 0 },[39m
[31m      length: 0,[39m
[31m      pipes: [],[39m
[31m      flowing: true,[39m
[31m      ended: false,[39m
[31m      endEmitted: false,[39m
[31m      reading: true,[39m
[31m      constructed: true,[39m
[31m      sync: false,[39m
[31m      needReadable: true,[39m
[31m      emittedReadable: false,[39m
[31m      readableListening: false,[39m
[31m      resumeScheduled: false,[39m
[31m      errorEmitted: false,[39m
[31m      emitClose: false,[39m
[31m      autoDestroy: true,[39m
[31m      destroyed: false,[39m
[31m      errored: null,[39m
[31m      closed: false,[39m
[31m      closeEmitted: false,[39m
[31m      defaultEncoding: 'utf8',[39m
[31m      awaitDrainWriters: null,[39m
[31m      multiAwaitDrain: false,[39m
[31m      readingMore: false,[39m
[31m      dataEmitted: false,[39m
[31m      decoder: null,[39m
[31m      encoding: null,[39m
[31m      [Symbol(kPaused)]: false[39m
[31m    },[39m
[31m    _events: [Object: null prototype] {[39m
[31m      end: [Array],[39m
[31m      timeout: [Function: socketOnTimeout],[39m
[31m      data: [Function: bound socketOnData],[39m
[31m      error: [Function: socketOnError],[39m
[31m      close: [Array],[39m
[31m      drain: [Function: bound socketOnDrain],[39m
[31m      resume: [Function: onSocketResume],[39m
[31m      pause: [Function: onSocketPause][39m
[31m    },[39m
[31m    _eventsCount: 8,[39m
[31m    _maxListeners: undefined,[39m
[31m    _writableState: WritableState {[39m
[31m      objectMode: false,[39m
[31m      highWaterMark: 16384,[39m
[31m      finalCalled: false,[39m
[31m      needDrain: false,[39m
[31m      ending: false,[39m
[31m      ended: false,[39m
[31m      finished: false,[39m
[31m      destroyed: false,[39m
[31m      decodeStrings: false,[39m
[31m      defaultEncoding: 'utf8',[39m
[31m      length: 0,[39m
[31m      writing: false,[39m
[31m      corked: 0,[39m
[31m      sync: false,[39m
[31m      bufferProcessing: false,[39m
[31m      onwrite: [Function: bound onwrite],[39m
[31m      writecb: null,[39m
[31m      writelen: 0,[39m
[31m      afterWriteTickInfo: null,[39m
[31m      buffered: [],[39m
[31m      bufferedIndex: 0,[39m
[31m      allBuffers: true,[39m
[31m      allNoop: true,[39m
[31m      pendingcb: 0,[39m
[31m      constructed: true,[39m
[31m      prefinished: false,[39m
[31m      errorEmitted: false,[39m
[31m      emitClose: false,[39m
[31m      autoDestroy: true,[39m
[31m      errored: null,[39m
[31m      closed: false,[39m
[31m      closeEmitted: false,[39m
[31m      [Symbol(kOnFinished)]: [][39m
[31m    },[39m
[31m    allowHalfOpen: true,[39m
[31m    _sockname: null,[39m
[31m    _pendingData: null,[39m
[31m    _pendingEncoding: '',[39m
[31m    server: Server {[39m
[31m      maxHeaderSize: undefined,[39m
[31m      insecureHTTPParser: undefined,[39m
[31m      requestTimeout: 300000,[39m
[31m      headersTimeout: 60000,[39m
[31m      keepAliveTimeout: 5000,[39m
[31m      connectionsCheckingInterval: 30000,[39m
[31m      _events: [Object: null prototype],[39m
[31m      _eventsCount: 2,[39m
[31m      _maxListeners: undefined,[39m
[31m      _connections: 1,[39m
[31m      _handle: [TCP],[39m
[31m      _usingWorkers: false,[39m
[31m      _workers: [],[39m
[31m      _unref: false,[39m
[31m      allowHalfOpen: true,[39m
[31m      pauseOnConnect: false,[39m
[31m      noDelay: true,[39m
[31m      keepAlive: false,[39m
[31m      keepAliveInitialDelay: 0,[39m
[31m      httpAllowHalfOpen: false,[39m
[31m      timeout: 0,[39m
[31m      maxHeadersCount: null,[39m
[31m      maxRequestsPerSocket: 0,[39m
[31m      _connectionKey: '6::::8080',[39m
[31m      [Symbol(IncomingMessage)]: [Function: IncomingMessage],[39m
[31m      [Symbol(ServerResponse)]: [Function: ServerResponse],[39m
[31m      [Symbol(kCapture)]: false,[39m
[31m      [Symbol(async_id_symbol)]: 281,[39m
[31m      [Symbol(http.server.connections)]: ConnectionsList {},[39m
[31m      [Symbol(http.server.connectionsCheckingInterval)]: Timeout {[39m
[31m        _idleTimeout: 30000,[39m
[31m        _idlePrev: [TimersList],[39m
[31m        _idleNext: [TimersList],[39m
[31m        _idleStart: 1023,[39m
[31m        _onTimeout: [Function: bound checkConnections],[39m
[31m        _timerArgs: undefined,[39m
[31m        _repeat: 30000,[39m
[31m        _destroyed: false,[39m
[31m        [Symbol(refed)]: false,[39m
[31m        [Symbol(kHasPrimitive)]: false,[39m
[31m        [Symbol(asyncId)]: 280,[39m
[31m        [Symbol(triggerId)]: 0[39m
[31m      }[39m
[31m    },[39m
[31m    _server: Server {[39m
[31m      maxHeaderSize: undefined,[39m
[31m      insecureHTTPParser: undefined,[39m
[31m      requestTimeout: 300000,[39m
[31m      headersTimeout: 60000,[39m
[31m      keepAliveTimeout: 5000,[39m
[31m      connectionsCheckingInterval: 30000,[39m
[31m      _events: [Object: null prototype],[39m
[31m      _eventsCount: 2,[39m
[31m      _maxListeners: undefined,[39m
[31m      _connections: 1,[39m
[31m      _handle: [TCP],[39m
[31m      _usingWorkers: false,[39m
[31m      _workers: [],[39m
[31m      _unref: false,[39m
[31m      allowHalfOpen: true,[39m
[31m      pauseOnConnect: false,[39m
[31m      noDelay: true,[39m
[31m      keepAlive: false,[39m
[31m      keepAliveInitialDelay: 0,[39m
[31m      httpAllowHalfOpen: false,[39m
[31m      timeout: 0,[39m
[31m      maxHeadersCount: null,[39m
[31m      maxRequestsPerSocket: 0,[39m
[31m      _connectionKey: '6::::8080',[39m
[31m      [Symbol(IncomingMessage)]: [Function: IncomingMessage],[39m
[31m      [Symbol(ServerResponse)]: [Function: ServerResponse],[39m
[31m      [Symbol(kCapture)]: false,[39m
[31m      [Symbol(async_id_symbol)]: 281,[39m
[31m      [Symbol(http.server.connections)]: ConnectionsList {},[39m
[31m      [Symbol(http.server.connectionsCheckingInterval)]: Timeout {[39m
[31m        _idleTimeout: 30000,[39m
[31m        _idlePrev: [TimersList],[39m
[31m        _idleNext: [TimersList],[39m
[31m        _idleStart: 1023,[39m
[31m        _onTimeout: [Function: bound checkConnections],[39m
[31m        _timerArgs: undefined,[39m
[31m        _repeat: 30000,[39m
[31m        _destroyed: false,[39m
[31m        [Symbol(refed)]: false,[39m
[31m        [Symbol(kHasPrimitive)]: false,[39m
[31m        [Symbol(asyncId)]: 280,[39m
[31m        [Symbol(triggerId)]: 0[39m
[31m      }[39m
[31m    },[39m
[31m    parser: HTTPParser {[39m
[31m      '0': null,[39m
[31m      '1': [Function: parserOnHeaders],[39m
[31m      '2': [Function: parserOnHeadersComplete],[39m
[31m      '3': [Function: parserOnBody],[39m
[31m      '4': [Function: parserOnMessageComplete],[39m
[31m      '5': [Function: bound onParserExecute],[39m
[31m      '6': [Function: bound onParserTimeout],[39m
[31m      _headers: [],[39m
[31m      _url: '',[39m
[31m      socket: [Circular *1],[39m
[31m      incoming: [Circular *2],[39m
[31m      outgoing: null,[39m
[31m      maxHeaderPairs: 2000,[39m
[31m      _consumed: true,[39m
[31m      onIncoming: [Function: bound parserOnIncoming],[39m
[31m      [Symbol(resource_symbol)]: [HTTPServerAsyncResource][39m
[31m    },[39m
[31m    on: [Function: socketListenerWrap],[39m
[31m    addListener: [Function: socketListenerWrap],[39m
[31m    prependListener: [Function: socketListenerWrap],[39m
[31m    setEncoding: [Function: socketSetEncoding],[39m
[31m    _paused: false,[39m
[31m    _httpMessage: ServerResponse {[39m
[31m      _events: [Object: null prototype],[39m
[31m      _eventsCount: 1,[39m
[31m      _maxListeners: undefined,[39m
[31m      outputData: [],[39m
[31m      outputSize: 0,[39m
[31m      writable: true,[39m
[31m      destroyed: false,[39m
[31m      _last: false,[39m
[31m      chunkedEncoding: false,[39m
[31m      shouldKeepAlive: true,[39m
[31m      maxRequestsOnConnectionReached: false,[39m
[31m      _defaultKeepAlive: true,[39m
[31m      useChunkedEncodingByDefault: true,[39m
[31m      sendDate: true,[39m
[31m      _removedConnection: false,[39m
[31m      _removedContLen: false,[39m
[31m      _removedTE: false,[39m
[31m      _contentLength: null,[39m
[31m      _hasBody: true,[39m
[31m      _trailer: '',[39m
[31m      finished: false,[39m
[31m      _headerSent: false,[39m
[31m      _closed: false,[39m
[31m      socket: [Circular *1],[39m
[31m      _header: null,[39m
[31m      _keepAliveTimeout: 5000,[39m
[31m      _onPendingData: [Function: bound updateOutgoingData],[39m
[31m      req: [Circular *2],[39m
[31m      _sent100: false,[39m
[31m      _expect_continue: false,[39m
[31m      locals: [Object: null prototype] {},[39m
[31m      writeHead: [Function: writeHead],[39m
[31m      end: [Function: end],[39m
[31m      [Symbol(kCapture)]: false,[39m
[31m      [Symbol(kNeedDrain)]: false,[39m
[31m      [Symbol(corked)]: 0,[39m
[31m      [Symbol(kOutHeaders)]: [Object: null prototype][39m
[31m    },[39m
[31m    timeout: 0,[39m
[31m    [Symbol(async_id_symbol)]: 418,[39m
[31m    [Symbol(kHandle)]: TCP {[39m
[31m      reading: true,[39m
[31m      onconnection: null,[39m
[31m      _consumed: true,[39m
[31m      [Symbol(owner_symbol)]: [Circular *1][39m
[31m    },[39m
[31m    [Symbol(lastWriteQueueSize)]: 0,[39m
[31m    [Symbol(timeout)]: Timeout {[39m
[31m      _idleTimeout: -1,[39m
[31m      _idlePrev: null,[39m
[31m      _idleNext: null,[39m
[31m      _idleStart: 13798,[39m
[31m      _onTimeout: null,[39m
[31m      _timerArgs: undefined,[39m
[31m      _repeat: null,[39m
[31m      _destroyed: true,[39m
[31m      [Symbol(refed)]: false,[39m
[31m      [Symbol(kHasPrimitive)]: false,[39m
[31m      [Symbol(asyncId)]: 493,[39m
[31m      [Symbol(triggerId)]: 489[39m
[31m    },[39m
[31m    [Symbol(kBuffer)]: null,[39m
[31m    [Symbol(kBufferCb)]: null,[39m
[31m    [Symbol(kBufferGen)]: null,[39m
[31m    [Symbol(kCapture)]: false,[39m
[31m    [Symbol(kSetNoDelay)]: false,[39m
[31m    [Symbol(kSetKeepAlive)]: false,[39m
[31m    [Symbol(kSetKeepAliveInitialDelay)]: 0,[39m
[31m    [Symbol(kBytesRead)]: 0,[39m
[31m    [Symbol(kBytesWritten)]: 0[39m
[31m  },[39m
[31m  httpVersionMajor: 1,[39m
[31m  httpVersionMinor: 1,[39m
[31m  httpVersion: '1.1',[39m
[31m  complete: true,[39m
[31m  rawHeaders: [[39m
[31m    'Host',[39m
[31m    'localhost:8080',[39m
[31m    'Connection',[39m
[31m    'keep-alive',[39m
[31m    'Content-Length',[39m
[31m    '43',[39m
[31m    'Pragma',[39m
[31m    'no-cache',[39m
[31m    'Cache-Control',[39m
[31m    'no-cache',[39m
[31m    'sec-ch-ua',[39m
[31m    '"Google Chrome";v="105", "Not)A;Brand";v="8", "Chromium";v="105"',[39m
[31m    'Accept',[39m
[31m    'application/json, text/plain, */*',[39m
[31m    'Content-Type',[39m
[31m    'application/json',[39m
[31m    'sec-ch-ua-mobile',[39m
[31m    '?0',[39m
[31m    'User-Agent',[39m
[31m    'Mozilla/5.0 (Windows NT 10.0; Win64; x64) AppleWebKit/537.36 (KHTML, like Gecko) Chrome/105.0.0.0 Safari/537.36',[39m
[31m    'sec-ch-ua-platform',[39m
[31m    '"Windows"',[39m
[31m    'Origin',[39m
[31m    'http://localhost:5173',[39m
[31m    'Sec-Fetch-Site',[39m
[31m    'same-site',[39m
[31m    'Sec-Fetch-Mode',[39m
[31m    'cors',[39m
[31m    'Sec-Fetch-Dest',[39m
[31m    'empty',[39m
[31m    'Referer',[39m
[31m    'http://localhost:5173/',[39m
[31m    'Accept-Encoding',[39m
[31m    'gzip, deflate, br',[39m
[31m    'Accept-Language',[39m
[31m    'es-ES,es;q=0.9,en;q=0.8'[39m
[31m  ],[39m
[31m  rawTrailers: [],[39m
[31m  aborted: false,[39m
[31m  upgrade: false,[39m
[31m  url: '/',[39m
[31m  method: 'POST',[39m
[31m  statusCode: null,[39m
[31m  statusMessage: null,[39m
[31m  client: <ref *1> Socket {[39m
[31m    connecting: false,[39m
[31m    _hadError: false,[39m
[31m    _parent: null,[39m
[31m    _host: null,[39m
[31m    _readableState: ReadableState {[39m
[31m      objectMode: false,[39m
[31m      highWaterMark: 16384,[39m
[31m      buffer: BufferList { head: null, tail: null, length: 0 },[39m
[31m      length: 0,[39m
[31m      pipes: [],[39m
[31m      flowing: true,[39m
[31m      ended: false,[39m
[31m      endEmitted: false,[39m
[31m      reading: true,[39m
[31m      constructed: true,[39m
[31m      sync: false,[39m
[31m      needReadable: true,[39m
[31m      emittedReadable: false,[39m
[31m      readableListening: false,[39m
[31m      resumeScheduled: false,[39m
[31m      errorEmitted: false,[39m
[31m      emitClose: false,[39m
[31m      autoDestroy: true,[39m
[31m      destroyed: false,[39m
[31m      errored: null,[39m
[31m      closed: false,[39m
[31m      closeEmitted: false,[39m
[31m      defaultEncoding: 'utf8',[39m
[31m      awaitDrainWriters: null,[39m
[31m      multiAwaitDrain: false,[39m
[31m      readingMore: false,[39m
[31m      dataEmitted: false,[39m
[31m      decoder: null,[39m
[31m      encoding: null,[39m
[31m      [Symbol(kPaused)]: false[39m
[31m    },[39m
[31m    _events: [Object: null prototype] {[39m
[31m      end: [Array],[39m
[31m      timeout: [Function: socketOnTimeout],[39m
[31m      data: [Function: bound socketOnData],[39m
[31m      error: [Function: socketOnError],[39m
[31m      close: [Array],[39m
[31m      drain: [Function: bound socketOnDrain],[39m
[31m      resume: [Function: onSocketResume],[39m
[31m      pause: [Function: onSocketPause][39m
[31m    },[39m
[31m    _eventsCount: 8,[39m
[31m    _maxListeners: undefined,[39m
[31m    _writableState: WritableState {[39m
[31m      objectMode: false,[39m
[31m      highWaterMark: 16384,[39m
[31m      finalCalled: false,[39m
[31m      needDrain: false,[39m
[31m      ending: false,[39m
[31m      ended: false,[39m
[31m      finished: false,[39m
[31m      destroyed: false,[39m
[31m      decodeStrings: false,[39m
[31m      defaultEncoding: 'utf8',[39m
[31m      length: 0,[39m
[31m      writing: false,[39m
[31m      corked: 0,[39m
[31m      sync: false,[39m
[31m      bufferProcessing: false,[39m
[31m      onwrite: [Function: bound onwrite],[39m
[31m      writecb: null,[39m
[31m      writelen: 0,[39m
[31m      afterWriteTickInfo: null,[39m
[31m      buffered: [],[39m
[31m      bufferedIndex: 0,[39m
[31m      allBuffers: true,[39m
[31m      allNoop: true,[39m
[31m      pendingcb: 0,[39m
[31m      constructed: true,[39m
[31m      prefinished: false,[39m
[31m      errorEmitted: false,[39m
[31m      emitClose: false,[39m
[31m      autoDestroy: true,[39m
[31m      errored: null,[39m
[31m      closed: false,[39m
[31m      closeEmitted: false,[39m
[31m      [Symbol(kOnFinished)]: [][39m
[31m    },[39m
[31m    allowHalfOpen: true,[39m
[31m    _sockname: null,[39m
[31m    _pendingData: null,[39m
[31m    _pendingEncoding: '',[39m
[31m    server: Server {[39m
[31m      maxHeaderSize: undefined,[39m
[31m      insecureHTTPParser: undefined,[39m
[31m      requestTimeout: 300000,[39m
[31m      headersTimeout: 60000,[39m
[31m      keepAliveTimeout: 5000,[39m
[31m      connectionsCheckingInterval: 30000,[39m
[31m      _events: [Object: null prototype],[39m
[31m      _eventsCount: 2,[39m
[31m      _maxListeners: undefined,[39m
[31m      _connections: 1,[39m
[31m      _handle: [TCP],[39m
[31m      _usingWorkers: false,[39m
[31m      _workers: [],[39m
[31m      _unref: false,[39m
[31m      allowHalfOpen: true,[39m
[31m      pauseOnConnect: false,[39m
[31m      noDelay: true,[39m
[31m      keepAlive: false,[39m
[31m      keepAliveInitialDelay: 0,[39m
[31m      httpAllowHalfOpen: false,[39m
[31m      timeout: 0,[39m
[31m      maxHeadersCount: null,[39m
[31m      maxRequestsPerSocket: 0,[39m
[31m      _connectionKey: '6::::8080',[39m
[31m      [Symbol(IncomingMessage)]: [Function: IncomingMessage],[39m
[31m      [Symbol(ServerResponse)]: [Function: ServerResponse],[39m
[31m      [Symbol(kCapture)]: false,[39m
[31m      [Symbol(async_id_symbol)]: 281,[39m
[31m      [Symbol(http.server.connections)]: ConnectionsList {},[39m
[31m      [Symbol(http.server.connectionsCheckingInterval)]: Timeout {[39m
[31m        _idleTimeout: 30000,[39m
[31m        _idlePrev: [TimersList],[39m
[31m        _idleNext: [TimersList],[39m
[31m        _idleStart: 1023,[39m
[31m        _onTimeout: [Function: bound checkConnections],[39m
[31m        _timerArgs: undefined,[39m
[31m        _repeat: 30000,[39m
[31m        _destroyed: false,[39m
[31m        [Symbol(refed)]: false,[39m
[31m        [Symbol(kHasPrimitive)]: false,[39m
[31m        [Symbol(asyncId)]: 280,[39m
[31m        [Symbol(triggerId)]: 0[39m
[31m      }[39m
[31m    },[39m
[31m    _server: Server {[39m
[31m      maxHeaderSize: undefined,[39m
[31m      insecureHTTPParser: undefined,[39m
[31m      requestTimeout: 300000,[39m
[31m      headersTimeout: 60000,[39m
[31m      keepAliveTimeout: 5000,[39m
[31m      connectionsCheckingInterval: 30000,[39m
[31m      _events: [Object: null prototype],[39m
[31m      _eventsCount: 2,[39m
[31m      _maxListeners: undefined,[39m
[31m      _connections: 1,[39m
[31m      _handle: [TCP],[39m
[31m      _usingWorkers: false,[39m
[31m      _workers: [],[39m
[31m      _unref: false,[39m
[31m      allowHalfOpen: true,[39m
[31m      pauseOnConnect: false,[39m
[31m      noDelay: true,[39m
[31m      keepAlive: false,[39m
[31m      keepAliveInitialDelay: 0,[39m
[31m      httpAllowHalfOpen: false,[39m
[31m      timeout: 0,[39m
[31m      maxHeadersCount: null,[39m
[31m      maxRequestsPerSocket: 0,[39m
[31m      _connectionKey: '6::::8080',[39m
[31m      [Symbol(IncomingMessage)]: [Function: IncomingMessage],[39m
[31m      [Symbol(ServerResponse)]: [Function: ServerResponse],[39m
[31m      [Symbol(kCapture)]: false,[39m
[31m      [Symbol(async_id_symbol)]: 281,[39m
[31m      [Symbol(http.server.connections)]: ConnectionsList {},[39m
[31m      [Symbol(http.server.connectionsCheckingInterval)]: Timeout {[39m
[31m        _idleTimeout: 30000,[39m
[31m        _idlePrev: [TimersList],[39m
[31m        _idleNext: [TimersList],[39m
[31m        _idleStart: 1023,[39m
[31m        _onTimeout: [Function: bound checkConnections],[39m
[31m        _timerArgs: undefined,[39m
[31m        _repeat: 30000,[39m
[31m        _destroyed: false,[39m
[31m        [Symbol(refed)]: false,[39m
[31m        [Symbol(kHasPrimitive)]: false,[39m
[31m        [Symbol(asyncId)]: 280,[39m
[31m        [Symbol(triggerId)]: 0[39m
[31m      }[39m
[31m    },[39m
[31m    parser: HTTPParser {[39m
[31m      '0': null,[39m
[31m      '1': [Function: parserOnHeaders],[39m
[31m      '2': [Function: parserOnHeadersComplete],[39m
[31m      '3': [Function: parserOnBody],[39m
[31m      '4': [Function: parserOnMessageComplete],[39m
[31m      '5': [Function: bound onParserExecute],[39m
[31m      '6': [Function: bound onParserTimeout],[39m
[31m      _headers: [],[39m
[31m      _url: '',[39m
[31m      socket: [Circular *1],[39m
[31m      incoming: [Circular *2],[39m
[31m      outgoing: null,[39m
[31m      maxHeaderPairs: 2000,[39m
[31m      _consumed: true,[39m
[31m      onIncoming: [Function: bound parserOnIncoming],[39m
[31m      [Symbol(resource_symbol)]: [HTTPServerAsyncResource][39m
[31m    },[39m
[31m    on: [Function: socketListenerWrap],[39m
[31m    addListener: [Function: socketListenerWrap],[39m
[31m    prependListener: [Function: socketListenerWrap],[39m
[31m    setEncoding: [Function: socketSetEncoding],[39m
[31m    _paused: false,[39m
[31m    _httpMessage: ServerResponse {[39m
[31m      _events: [Object: null prototype],[39m
[31m      _eventsCount: 1,[39m
[31m      _maxListeners: undefined,[39m
[31m      outputData: [],[39m
[31m      outputSize: 0,[39m
[31m      writable: true,[39m
[31m      destroyed: false,[39m
[31m      _last: false,[39m
[31m      chunkedEncoding: false,[39m
[31m      shouldKeepAlive: true,[39m
[31m      maxRequestsOnConnectionReached: false,[39m
[31m      _defaultKeepAlive: true,[39m
[31m      useChunkedEncodingByDefault: true,[39m
[31m      sendDate: true,[39m
[31m      _removedConnection: false,[39m
[31m      _removedContLen: false,[39m
[31m      _removedTE: false,[39m
[31m      _contentLength: null,[39m
[31m      _hasBody: true,[39m
[31m      _trailer: '',[39m
[31m      finished: false,[39m
[31m      _headerSent: false,[39m
[31m      _closed: false,[39m
[31m      socket: [Circular *1],[39m
[31m      _header: null,[39m
[31m      _keepAliveTimeout: 5000,[39m
[31m      _onPendingData: [Function: bound updateOutgoingData],[39m
[31m      req: [Circular *2],[39m
[31m      _sent100: false,[39m
[31m      _expect_continue: false,[39m
[31m      locals: [Object: null prototype] {},[39m
[31m      writeHead: [Function: writeHead],[39m
[31m      end: [Function: end],[39m
[31m      [Symbol(kCapture)]: false,[39m
[31m      [Symbol(kNeedDrain)]: false,[39m
[31m      [Symbol(corked)]: 0,[39m
[31m      [Symbol(kOutHeaders)]: [Object: null prototype][39m
[31m    },[39m
[31m    timeout: 0,[39m
[31m    [Symbol(async_id_symbol)]: 418,[39m
[31m    [Symbol(kHandle)]: TCP {[39m
[31m      reading: true,[39m
[31m      onconnection: null,[39m
[31m      _consumed: true,[39m
[31m      [Symbol(owner_symbol)]: [Circular *1][39m
[31m    },[39m
[31m    [Symbol(lastWriteQueueSize)]: 0,[39m
[31m    [Symbol(timeout)]: Timeout {[39m
[31m      _idleTimeout: -1,[39m
[31m      _idlePrev: null,[39m
[31m      _idleNext: null,[39m
[31m      _idleStart: 13798,[39m
[31m      _onTimeout: null,[39m
[31m      _timerArgs: undefined,[39m
[31m      _repeat: null,[39m
[31m      _destroyed: true,[39m
[31m      [Symbol(refed)]: false,[39m
[31m      [Symbol(kHasPrimitive)]: false,[39m
[31m      [Symbol(asyncId)]: 493,[39m
[31m      [Symbol(triggerId)]: 489[39m
[31m    },[39m
[31m    [Symbol(kBuffer)]: null,[39m
[31m    [Symbol(kBufferCb)]: null,[39m
[31m    [Symbol(kBufferGen)]: null,[39m
[31m    [Symbol(kCapture)]: false,[39m
[31m    [Symbol(kSetNoDelay)]: false,[39m
[31m    [Symbol(kSetKeepAlive)]: false,[39m
[31m    [Symbol(kSetKeepAliveInitialDelay)]: 0,[39m
[31m    [Symbol(kBytesRead)]: 0,[39m
[31m    [Symbol(kBytesWritten)]: 0[39m
[31m  },[39m
[31m  _consuming: true,[39m
[31m  _dumped: false,[39m
[31m  next: [Function: next],[39m
[31m  baseUrl: '/api/auth/login',[39m
[31m  originalUrl: '/api/auth/login',[39m
[31m  _parsedUrl: Url {[39m
[31m    protocol: null,[39m
[31m    slashes: null,[39m
[31m    auth: null,[39m
[31m    host: null,[39m
[31m    port: null,[39m
[31m    hostname: null,[39m
[31m    hash: null,[39m
[31m    search: null,[39m
[31m    query: null,[39m
[31m    pathname: '/',[39m
[31m    path: '/',[39m
[31m    href: '/',[39m
[31m    _raw: '/'[39m
[31m  },[39m
[31m  params: {},[39m
[31m  query: {},[39m
[31m  res: <ref *3> ServerResponse {[39m
[31m    _events: [Object: null prototype] { finish: [Function: bound resOnFinish] },[39m
[31m    _eventsCount: 1,[39m
[31m    _maxListeners: undefined,[39m
[31m    outputData: [],[39m
[31m    outputSize: 0,[39m
[31m    writable: true,[39m
[31m    destroyed: false,[39m
[31m    _last: false,[39m
[31m    chunkedEncoding: false,[39m
[31m    shouldKeepAlive: true,[39m
[31m    maxRequestsOnConnectionReached: false,[39m
[31m    _defaultKeepAlive: true,[39m
[31m    useChunkedEncodingByDefault: true,[39m
[31m    sendDate: true,[39m
[31m    _removedConnection: false,[39m
[31m    _removedContLen: false,[39m
[31m    _removedTE: false,[39m
[31m    _contentLength: null,[39m
[31m    _hasBody: true,[39m
[31m    _trailer: '',[39m
[31m    finished: false,[39m
[31m    _headerSent: false,[39m
[31m    _closed: false,[39m
[31m    socket: <ref *1> Socket {[39m
[31m      connecting: false,[39m
[31m      _hadError: false,[39m
[31m      _parent: null,[39m
[31m      _host: null,[39m
[31m      _readableState: [ReadableState],[39m
[31m      _events: [Object: null prototype],[39m
[31m      _eventsCount: 8,[39m
[31m      _maxListeners: undefined,[39m
[31m      _writableState: [WritableState],[39m
[31m      allowHalfOpen: true,[39m
[31m      _sockname: null,[39m
[31m      _pendingData: null,[39m
[31m      _pendingEncoding: '',[39m
[31m      server: [Server],[39m
[31m      _server: [Server],[39m
[31m      parser: [HTTPParser],[39m
[31m      on: [Function: socketListenerWrap],[39m
[31m      addListener: [Function: socketListenerWrap],[39m
[31m      prependListener: [Function: socketListenerWrap],[39m
[31m      setEncoding: [Function: socketSetEncoding],[39m
[31m      _paused: false,[39m
[31m      _httpMessage: [Circular *3],[39m
[31m      timeout: 0,[39m
[31m      [Symbol(async_id_symbol)]: 418,[39m
[31m      [Symbol(kHandle)]: [TCP],[39m
[31m      [Symbol(lastWriteQueueSize)]: 0,[39m
[31m      [Symbol(timeout)]: Timeout {[39m
[31m        _idleTimeout: -1,[39m
[31m        _idlePrev: null,[39m
[31m        _idleNext: null,[39m
[31m        _idleStart: 13798,[39m
[31m        _onTimeout: null,[39m
[31m        _timerArgs: undefined,[39m
[31m        _repeat: null,[39m
[31m        _destroyed: true,[39m
[31m        [Symbol(refed)]: false,[39m
[31m        [Symbol(kHasPrimitive)]: false,[39m
[31m        [Symbol(asyncId)]: 493,[39m
[31m        [Symbol(triggerId)]: 489[39m
[31m      },[39m
[31m      [Symbol(kBuffer)]: null,[39m
[31m      [Symbol(kBufferCb)]: null,[39m
[31m      [Symbol(kBufferGen)]: null,[39m
[31m      [Symbol(kCapture)]: false,[39m
[31m      [Symbol(kSetNoDelay)]: false,[39m
[31m      [Symbol(kSetKeepAlive)]: false,[39m
[31m      [Symbol(kSetKeepAliveInitialDelay)]: 0,[39m
[31m      [Symbol(kBytesRead)]: 0,[39m
[31m      [Symbol(kBytesWritten)]: 0[39m
[31m    },[39m
[31m    _header: null,[39m
[31m    _keepAliveTimeout: 5000,[39m
[31m    _onPendingData: [Function: bound updateOutgoingData],[39m
[31m    req: [Circular *2],[39m
[31m    _sent100: false,[39m
[31m    _expect_continue: false,[39m
[31m    locals: [Object: null prototype] {},[39m
[31m    writeHead: [Function: writeHead],[39m
[31m    end: [Function: end],[39m
[31m    [Symbol(kCapture)]: false,[39m
[31m    [Symbol(kNeedDrain)]: false,[39m
[31m    [Symbol(corked)]: 0,[39m
[31m    [Symbol(kOutHeaders)]: [Object: null prototype] {[39m
[31m      'x-powered-by': [Array],[39m
[31m      'access-control-allow-origin': [Array][39m
[31m    }[39m
[31m  },[39m
[31m  body: { email: 'luka@luka.com', password: 'luka' },[39m
[31m  _body: true,[39m
[31m  length: undefined,[39m
[31m  _parsedOriginalUrl: Url {[39m
[31m    protocol: null,[39m
[31m    slashes: null,[39m
[31m    auth: null,[39m
[31m    host: null,[39m
[31m    port: null,[39m
[31m    hostname: null,[39m
[31m    hash: null,[39m
[31m    search: null,[39m
[31m    query: null,[39m
[31m    pathname: '/api/auth/login',[39m
[31m    path: '/api/auth/login',[39m
[31m    href: '/api/auth/login',[39m
[31m    _raw: '/api/auth/login'[39m
[31m  },[39m
[31m  sessionStore: MemoryStore {[39m
[31m    _events: [Object: null prototype] {[39m
[31m      disconnect: [Function: ondisconnect],[39m
[31m      connect: [Function: onconnect][39m
[31m    },[39m
[31m    _eventsCount: 2,[39m
[31m    _maxListeners: undefined,[39m
[31m    sessions: [Object: null prototype] {[39m
[31m      'G1dATTrnRIpYH6RD0hytN1teCmwv-b_S': '{"cookie":{"originalMaxAge":600000,"expires":"2022-09-19T00:16:59.211Z","secure":false,"httpOnly":false,"path":"/"}}'[39m
[31m    },[39m
[31m    generate: [Function (anonymous)],[39m
[31m    [Symbol(kCapture)]: false[39m
[31m  },[39m
[31m  sessionID: '9P19Ddn2mlmLKRdhuyz2E7AG7Dj34NCN',[39m
[31m  session: Session {[39m
[31m    cookie: {[39m
[31m      path: '/',[39m
[31m      _expires: 2022-09-19T00:17:02.335Z,[39m
[31m      originalMaxAge: 600000,[39m
[31m      httpOnly: false,[39m
[31m      secure: false[39m
[31m    }[39m
[31m  },[39m
[31m  logIn: [Function (anonymous)],[39m
[31m  login: [Function (anonymous)],[39m
[31m  logOut: [Function (anonymous)],[39m
[31m  logout: [Function (anonymous)],[39m
[31m  isAuthenticated: [Function (anonymous)],[39m
[31m  isUnauthenticated: [Function (anonymous)],[39m
[31m  _sessionManager: SessionManager {[39m
[31m    _key: 'passport',[39m
[31m    _serializeUser: [Function: bound ][39m
[31m  },[39m
[31m  _passport: {[39m
[31m    instance: Authenticator {[39m
[31m      _key: 'passport',[39m
[31m      _strategies: [Object],[39m
[31m      _serializers: [Array],[39m
[31m      _deserializers: [Array],[39m
[31m      _infoTransformers: [],[39m
[31m      _framework: [Object],[39m
[31m      _sm: [SessionManager],[39m
[31m      Authenticator: [Function: Authenticator],[39m
[31m      Passport: [Function: Authenticator],[39m
[31m      Strategy: [Function],[39m
[31m      strategies: [Object],[39m
[31m      _userProperty: 'user'[39m
[31m    }[39m
[31m  },[39m
[31m  route: Route {[39m
[31m    path: '/',[39m
[31m    stack: [ [Layer], [Layer] ],[39m
[31m    methods: { post: true }[39m
[31m  },[39m
[31m  [Symbol(kCapture)]: false,[39m
[31m  [Symbol(kHeaders)]: {[39m
[31m    host: 'localhost:8080',[39m
[31m    connection: 'keep-alive',[39m
[31m    'content-length': '43',[39m
[31m    pragma: 'no-cache',[39m
[31m    'cache-control': 'no-cache',[39m
[31m    'sec-ch-ua': '"Google Chrome";v="105", "Not)A;Brand";v="8", "Chromium";v="105"',[39m
[31m    accept: 'application/json, text/plain, */*',[39m
[31m    'content-type': 'application/json',[39m
[31m    'sec-ch-ua-mobile': '?0',[39m
[31m    'user-agent': 'Mozilla/5.0 (Windows NT 10.0; Win64; x64) AppleWebKit/537.36 (KHTML, like Gecko) Chrome/105.0.0.0 Safari/537.36',[39m
[31m    'sec-ch-ua-platform': '"Windows"',[39m
[31m    origin: 'http://localhost:5173',[39m
[31m    'sec-fetch-site': 'same-site',[39m
[31m    'sec-fetch-mode': 'cors',[39m
[31m    'sec-fetch-dest': 'empty',[39m
[31m    referer: 'http://localhost:5173/',[39m
[31m    'accept-encoding': 'gzip, deflate, br',[39m
[31m    'accept-language': 'es-ES,es;q=0.9,en;q=0.8'[39m
[31m  },[39m
[31m  [Symbol(kHeadersCount)]: 36,[39m
[31m  [Symbol(kTrailers)]: null,[39m
[31m  [Symbol(kTrailersCount)]: 0[39m
[31m}" (type IncomingMessage) at path "email" for model "users"[39m
2022-09-18 21:07:30:730 [31merror[39m: [31mCast to string failed for value "<ref *2> IncomingMessage {[39m
[31m  _readableState: ReadableState {[39m
[31m    objectMode: false,[39m
[31m    highWaterMark: 16384,[39m
[31m    buffer: BufferList { head: null, tail: null, length: 0 },[39m
[31m    length: 0,[39m
[31m    pipes: [],[39m
[31m    flowing: true,[39m
[31m    ended: true,[39m
[31m    endEmitted: true,[39m
[31m    reading: false,[39m
[31m    constructed: true,[39m
[31m    sync: false,[39m
[31m    needReadable: false,[39m
[31m    emittedReadable: false,[39m
[31m    readableListening: false,[39m
[31m    resumeScheduled: false,[39m
[31m    errorEmitted: false,[39m
[31m    emitClose: true,[39m
[31m    autoDestroy: true,[39m
[31m    destroyed: true,[39m
[31m    errored: null,[39m
[31m    closed: true,[39m
[31m    closeEmitted: true,[39m
[31m    defaultEncoding: 'utf8',[39m
[31m    awaitDrainWriters: null,[39m
[31m    multiAwaitDrain: false,[39m
[31m    readingMore: false,[39m
[31m    dataEmitted: true,[39m
[31m    decoder: null,[39m
[31m    encoding: null,[39m
[31m    [Symbol(kPaused)]: false[39m
[31m  },[39m
[31m  _events: [Object: null prototype] {},[39m
[31m  _eventsCount: 0,[39m
[31m  _maxListeners: undefined,[39m
[31m  socket: <ref *1> Socket {[39m
[31m    connecting: false,[39m
[31m    _hadError: false,[39m
[31m    _parent: null,[39m
[31m    _host: null,[39m
[31m    _readableState: ReadableState {[39m
[31m      objectMode: false,[39m
[31m      highWaterMark: 16384,[39m
[31m      buffer: BufferList { head: null, tail: null, length: 0 },[39m
[31m      length: 0,[39m
[31m      pipes: [],[39m
[31m      flowing: true,[39m
[31m      ended: false,[39m
[31m      endEmitted: false,[39m
[31m      reading: true,[39m
[31m      constructed: true,[39m
[31m      sync: false,[39m
[31m      needReadable: true,[39m
[31m      emittedReadable: false,[39m
[31m      readableListening: false,[39m
[31m      resumeScheduled: false,[39m
[31m      errorEmitted: false,[39m
[31m      emitClose: false,[39m
[31m      autoDestroy: true,[39m
[31m      destroyed: false,[39m
[31m      errored: null,[39m
[31m      closed: false,[39m
[31m      closeEmitted: false,[39m
[31m      defaultEncoding: 'utf8',[39m
[31m      awaitDrainWriters: null,[39m
[31m      multiAwaitDrain: false,[39m
[31m      readingMore: false,[39m
[31m      dataEmitted: false,[39m
[31m      decoder: null,[39m
[31m      encoding: null,[39m
[31m      [Symbol(kPaused)]: false[39m
[31m    },[39m
[31m    _events: [Object: null prototype] {[39m
[31m      end: [Array],[39m
[31m      timeout: [Function: socketOnTimeout],[39m
[31m      data: [Function: bound socketOnData],[39m
[31m      error: [Function: socketOnError],[39m
[31m      close: [Array],[39m
[31m      drain: [Function: bound socketOnDrain],[39m
[31m      resume: [Function: onSocketResume],[39m
[31m      pause: [Function: onSocketPause][39m
[31m    },[39m
[31m    _eventsCount: 8,[39m
[31m    _maxListeners: undefined,[39m
[31m    _writableState: WritableState {[39m
[31m      objectMode: false,[39m
[31m      highWaterMark: 16384,[39m
[31m      finalCalled: false,[39m
[31m      needDrain: false,[39m
[31m      ending: false,[39m
[31m      ended: false,[39m
[31m      finished: false,[39m
[31m      destroyed: false,[39m
[31m      decodeStrings: false,[39m
[31m      defaultEncoding: 'utf8',[39m
[31m      length: 0,[39m
[31m      writing: false,[39m
[31m      corked: 0,[39m
[31m      sync: false,[39m
[31m      bufferProcessing: false,[39m
[31m      onwrite: [Function: bound onwrite],[39m
[31m      writecb: null,[39m
[31m      writelen: 0,[39m
[31m      afterWriteTickInfo: null,[39m
[31m      buffered: [],[39m
[31m      bufferedIndex: 0,[39m
[31m      allBuffers: true,[39m
[31m      allNoop: true,[39m
[31m      pendingcb: 0,[39m
[31m      constructed: true,[39m
[31m      prefinished: false,[39m
[31m      errorEmitted: false,[39m
[31m      emitClose: false,[39m
[31m      autoDestroy: true,[39m
[31m      errored: null,[39m
[31m      closed: false,[39m
[31m      closeEmitted: false,[39m
[31m      [Symbol(kOnFinished)]: [][39m
[31m    },[39m
[31m    allowHalfOpen: true,[39m
[31m    _sockname: null,[39m
[31m    _pendingData: null,[39m
[31m    _pendingEncoding: '',[39m
[31m    server: Server {[39m
[31m      maxHeaderSize: undefined,[39m
[31m      insecureHTTPParser: undefined,[39m
[31m      requestTimeout: 300000,[39m
[31m      headersTimeout: 60000,[39m
[31m      keepAliveTimeout: 5000,[39m
[31m      connectionsCheckingInterval: 30000,[39m
[31m      _events: [Object: null prototype],[39m
[31m      _eventsCount: 2,[39m
[31m      _maxListeners: undefined,[39m
[31m      _connections: 1,[39m
[31m      _handle: [TCP],[39m
[31m      _usingWorkers: false,[39m
[31m      _workers: [],[39m
[31m      _unref: false,[39m
[31m      allowHalfOpen: true,[39m
[31m      pauseOnConnect: false,[39m
[31m      noDelay: true,[39m
[31m      keepAlive: false,[39m
[31m      keepAliveInitialDelay: 0,[39m
[31m      httpAllowHalfOpen: false,[39m
[31m      timeout: 0,[39m
[31m      maxHeadersCount: null,[39m
[31m      maxRequestsPerSocket: 0,[39m
[31m      _connectionKey: '6::::8080',[39m
[31m      [Symbol(IncomingMessage)]: [Function: IncomingMessage],[39m
[31m      [Symbol(ServerResponse)]: [Function: ServerResponse],[39m
[31m      [Symbol(kCapture)]: false,[39m
[31m      [Symbol(async_id_symbol)]: 281,[39m
[31m      [Symbol(http.server.connections)]: ConnectionsList {},[39m
[31m      [Symbol(http.server.connectionsCheckingInterval)]: Timeout {[39m
[31m        _idleTimeout: 30000,[39m
[31m        _idlePrev: [TimersList],[39m
[31m        _idleNext: [TimersList],[39m
[31m        _idleStart: 1050,[39m
[31m        _onTimeout: [Function: bound checkConnections],[39m
[31m        _timerArgs: undefined,[39m
[31m        _repeat: 30000,[39m
[31m        _destroyed: false,[39m
[31m        [Symbol(refed)]: false,[39m
[31m        [Symbol(kHasPrimitive)]: false,[39m
[31m        [Symbol(asyncId)]: 280,[39m
[31m        [Symbol(triggerId)]: 0[39m
[31m      }[39m
[31m    },[39m
[31m    _server: Server {[39m
[31m      maxHeaderSize: undefined,[39m
[31m      insecureHTTPParser: undefined,[39m
[31m      requestTimeout: 300000,[39m
[31m      headersTimeout: 60000,[39m
[31m      keepAliveTimeout: 5000,[39m
[31m      connectionsCheckingInterval: 30000,[39m
[31m      _events: [Object: null prototype],[39m
[31m      _eventsCount: 2,[39m
[31m      _maxListeners: undefined,[39m
[31m      _connections: 1,[39m
[31m      _handle: [TCP],[39m
[31m      _usingWorkers: false,[39m
[31m      _workers: [],[39m
[31m      _unref: false,[39m
[31m      allowHalfOpen: true,[39m
[31m      pauseOnConnect: false,[39m
[31m      noDelay: true,[39m
[31m      keepAlive: false,[39m
[31m      keepAliveInitialDelay: 0,[39m
[31m      httpAllowHalfOpen: false,[39m
[31m      timeout: 0,[39m
[31m      maxHeadersCount: null,[39m
[31m      maxRequestsPerSocket: 0,[39m
[31m      _connectionKey: '6::::8080',[39m
[31m      [Symbol(IncomingMessage)]: [Function: IncomingMessage],[39m
[31m      [Symbol(ServerResponse)]: [Function: ServerResponse],[39m
[31m      [Symbol(kCapture)]: false,[39m
[31m      [Symbol(async_id_symbol)]: 281,[39m
[31m      [Symbol(http.server.connections)]: ConnectionsList {},[39m
[31m      [Symbol(http.server.connectionsCheckingInterval)]: Timeout {[39m
[31m        _idleTimeout: 30000,[39m
[31m        _idlePrev: [TimersList],[39m
[31m        _idleNext: [TimersList],[39m
[31m        _idleStart: 1050,[39m
[31m        _onTimeout: [Function: bound checkConnections],[39m
[31m        _timerArgs: undefined,[39m
[31m        _repeat: 30000,[39m
[31m        _destroyed: false,[39m
[31m        [Symbol(refed)]: false,[39m
[31m        [Symbol(kHasPrimitive)]: false,[39m
[31m        [Symbol(asyncId)]: 280,[39m
[31m        [Symbol(triggerId)]: 0[39m
[31m      }[39m
[31m    },[39m
[31m    parser: HTTPParser {[39m
[31m      '0': null,[39m
[31m      '1': [Function: parserOnHeaders],[39m
[31m      '2': [Function: parserOnHeadersComplete],[39m
[31m      '3': [Function: parserOnBody],[39m
[31m      '4': [Function: parserOnMessageComplete],[39m
[31m      '5': [Function: bound onParserExecute],[39m
[31m      '6': [Function: bound onParserTimeout],[39m
[31m      _headers: [],[39m
[31m      _url: '',[39m
[31m      socket: [Circular *1],[39m
[31m      incoming: [Circular *2],[39m
[31m      outgoing: null,[39m
[31m      maxHeaderPairs: 2000,[39m
[31m      _consumed: true,[39m
[31m      onIncoming: [Function: bound parserOnIncoming],[39m
[31m      [Symbol(resource_symbol)]: [HTTPServerAsyncResource][39m
[31m    },[39m
[31m    on: [Function: socketListenerWrap],[39m
[31m    addListener: [Function: socketListenerWrap],[39m
[31m    prependListener: [Function: socketListenerWrap],[39m
[31m    setEncoding: [Function: socketSetEncoding],[39m
[31m    _paused: false,[39m
[31m    _httpMessage: ServerResponse {[39m
[31m      _events: [Object: null prototype],[39m
[31m      _eventsCount: 1,[39m
[31m      _maxListeners: undefined,[39m
[31m      outputData: [],[39m
[31m      outputSize: 0,[39m
[31m      writable: true,[39m
[31m      destroyed: false,[39m
[31m      _last: false,[39m
[31m      chunkedEncoding: false,[39m
[31m      shouldKeepAlive: true,[39m
[31m      maxRequestsOnConnectionReached: false,[39m
[31m      _defaultKeepAlive: true,[39m
[31m      useChunkedEncodingByDefault: true,[39m
[31m      sendDate: true,[39m
[31m      _removedConnection: false,[39m
[31m      _removedContLen: false,[39m
[31m      _removedTE: false,[39m
[31m      _contentLength: null,[39m
[31m      _hasBody: true,[39m
[31m      _trailer: '',[39m
[31m      finished: false,[39m
[31m      _headerSent: false,[39m
[31m      _closed: false,[39m
[31m      socket: [Circular *1],[39m
[31m      _header: null,[39m
[31m      _keepAliveTimeout: 5000,[39m
[31m      _onPendingData: [Function: bound updateOutgoingData],[39m
[31m      req: [Circular *2],[39m
[31m      _sent100: false,[39m
[31m      _expect_continue: false,[39m
[31m      locals: [Object: null prototype] {},[39m
[31m      writeHead: [Function: writeHead],[39m
[31m      end: [Function: end],[39m
[31m      [Symbol(kCapture)]: false,[39m
[31m      [Symbol(kNeedDrain)]: false,[39m
[31m      [Symbol(corked)]: 0,[39m
[31m      [Symbol(kOutHeaders)]: [Object: null prototype][39m
[31m    },[39m
[31m    timeout: 0,[39m
[31m    [Symbol(async_id_symbol)]: 370,[39m
[31m    [Symbol(kHandle)]: TCP {[39m
[31m      reading: true,[39m
[31m      onconnection: null,[39m
[31m      _consumed: true,[39m
[31m      [Symbol(owner_symbol)]: [Circular *1][39m
[31m    },[39m
[31m    [Symbol(lastWriteQueueSize)]: 0,[39m
[31m    [Symbol(timeout)]: Timeout {[39m
[31m      _idleTimeout: -1,[39m
[31m      _idlePrev: null,[39m
[31m      _idleNext: null,[39m
[31m      _idleStart: 2470,[39m
[31m      _onTimeout: null,[39m
[31m      _timerArgs: undefined,[39m
[31m      _repeat: null,[39m
[31m      _destroyed: true,[39m
[31m      [Symbol(refed)]: false,[39m
[31m      [Symbol(kHasPrimitive)]: false,[39m
[31m      [Symbol(asyncId)]: 378,[39m
[31m      [Symbol(triggerId)]: 374[39m
[31m    },[39m
[31m    [Symbol(kBuffer)]: null,[39m
[31m    [Symbol(kBufferCb)]: null,[39m
[31m    [Symbol(kBufferGen)]: null,[39m
[31m    [Symbol(kCapture)]: false,[39m
[31m    [Symbol(kSetNoDelay)]: false,[39m
[31m    [Symbol(kSetKeepAlive)]: false,[39m
[31m    [Symbol(kSetKeepAliveInitialDelay)]: 0,[39m
[31m    [Symbol(kBytesRead)]: 0,[39m
[31m    [Symbol(kBytesWritten)]: 0[39m
[31m  },[39m
[31m  httpVersionMajor: 1,[39m
[31m  httpVersionMinor: 1,[39m
[31m  httpVersion: '1.1',[39m
[31m  complete: true,[39m
[31m  rawHeaders: [[39m
[31m    'Host',[39m
[31m    'localhost:8080',[39m
[31m    'Connection',[39m
[31m    'keep-alive',[39m
[31m    'Content-Length',[39m
[31m    '43',[39m
[31m    'Pragma',[39m
[31m    'no-cache',[39m
[31m    'Cache-Control',[39m
[31m    'no-cache',[39m
[31m    'sec-ch-ua',[39m
[31m    '"Google Chrome";v="105", "Not)A;Brand";v="8", "Chromium";v="105"',[39m
[31m    'Accept',[39m
[31m    'application/json, text/plain, */*',[39m
[31m    'Content-Type',[39m
[31m    'application/json',[39m
[31m    'sec-ch-ua-mobile',[39m
[31m    '?0',[39m
[31m    'User-Agent',[39m
[31m    'Mozilla/5.0 (Windows NT 10.0; Win64; x64) AppleWebKit/537.36 (KHTML, like Gecko) Chrome/105.0.0.0 Safari/537.36',[39m
[31m    'sec-ch-ua-platform',[39m
[31m    '"Windows"',[39m
[31m    'Origin',[39m
[31m    'http://localhost:5173',[39m
[31m    'Sec-Fetch-Site',[39m
[31m    'same-site',[39m
[31m    'Sec-Fetch-Mode',[39m
[31m    'cors',[39m
[31m    'Sec-Fetch-Dest',[39m
[31m    'empty',[39m
[31m    'Referer',[39m
[31m    'http://localhost:5173/',[39m
[31m    'Accept-Encoding',[39m
[31m    'gzip, deflate, br',[39m
[31m    'Accept-Language',[39m
[31m    'es-ES,es;q=0.9,en;q=0.8'[39m
[31m  ],[39m
[31m  rawTrailers: [],[39m
[31m  aborted: false,[39m
[31m  upgrade: false,[39m
[31m  url: '/',[39m
[31m  method: 'POST',[39m
[31m  statusCode: null,[39m
[31m  statusMessage: null,[39m
[31m  client: <ref *1> Socket {[39m
[31m    connecting: false,[39m
[31m    _hadError: false,[39m
[31m    _parent: null,[39m
[31m    _host: null,[39m
[31m    _readableState: ReadableState {[39m
[31m      objectMode: false,[39m
[31m      highWaterMark: 16384,[39m
[31m      buffer: BufferList { head: null, tail: null, length: 0 },[39m
[31m      length: 0,[39m
[31m      pipes: [],[39m
[31m      flowing: true,[39m
[31m      ended: false,[39m
[31m      endEmitted: false,[39m
[31m      reading: true,[39m
[31m      constructed: true,[39m
[31m      sync: false,[39m
[31m      needReadable: true,[39m
[31m      emittedReadable: false,[39m
[31m      readableListening: false,[39m
[31m      resumeScheduled: false,[39m
[31m      errorEmitted: false,[39m
[31m      emitClose: false,[39m
[31m      autoDestroy: true,[39m
[31m      destroyed: false,[39m
[31m      errored: null,[39m
[31m      closed: false,[39m
[31m      closeEmitted: false,[39m
[31m      defaultEncoding: 'utf8',[39m
[31m      awaitDrainWriters: null,[39m
[31m      multiAwaitDrain: false,[39m
[31m      readingMore: false,[39m
[31m      dataEmitted: false,[39m
[31m      decoder: null,[39m
[31m      encoding: null,[39m
[31m      [Symbol(kPaused)]: false[39m
[31m    },[39m
[31m    _events: [Object: null prototype] {[39m
[31m      end: [Array],[39m
[31m      timeout: [Function: socketOnTimeout],[39m
[31m      data: [Function: bound socketOnData],[39m
[31m      error: [Function: socketOnError],[39m
[31m      close: [Array],[39m
[31m      drain: [Function: bound socketOnDrain],[39m
[31m      resume: [Function: onSocketResume],[39m
[31m      pause: [Function: onSocketPause][39m
[31m    },[39m
[31m    _eventsCount: 8,[39m
[31m    _maxListeners: undefined,[39m
[31m    _writableState: WritableState {[39m
[31m      objectMode: false,[39m
[31m      highWaterMark: 16384,[39m
[31m      finalCalled: false,[39m
[31m      needDrain: false,[39m
[31m      ending: false,[39m
[31m      ended: false,[39m
[31m      finished: false,[39m
[31m      destroyed: false,[39m
[31m      decodeStrings: false,[39m
[31m      defaultEncoding: 'utf8',[39m
[31m      length: 0,[39m
[31m      writing: false,[39m
[31m      corked: 0,[39m
[31m      sync: false,[39m
[31m      bufferProcessing: false,[39m
[31m      onwrite: [Function: bound onwrite],[39m
[31m      writecb: null,[39m
[31m      writelen: 0,[39m
[31m      afterWriteTickInfo: null,[39m
[31m      buffered: [],[39m
[31m      bufferedIndex: 0,[39m
[31m      allBuffers: true,[39m
[31m      allNoop: true,[39m
[31m      pendingcb: 0,[39m
[31m      constructed: true,[39m
[31m      prefinished: false,[39m
[31m      errorEmitted: false,[39m
[31m      emitClose: false,[39m
[31m      autoDestroy: true,[39m
[31m      errored: null,[39m
[31m      closed: false,[39m
[31m      closeEmitted: false,[39m
[31m      [Symbol(kOnFinished)]: [][39m
[31m    },[39m
[31m    allowHalfOpen: true,[39m
[31m    _sockname: null,[39m
[31m    _pendingData: null,[39m
[31m    _pendingEncoding: '',[39m
[31m    server: Server {[39m
[31m      maxHeaderSize: undefined,[39m
[31m      insecureHTTPParser: undefined,[39m
[31m      requestTimeout: 300000,[39m
[31m      headersTimeout: 60000,[39m
[31m      keepAliveTimeout: 5000,[39m
[31m      connectionsCheckingInterval: 30000,[39m
[31m      _events: [Object: null prototype],[39m
[31m      _eventsCount: 2,[39m
[31m      _maxListeners: undefined,[39m
[31m      _connections: 1,[39m
[31m      _handle: [TCP],[39m
[31m      _usingWorkers: false,[39m
[31m      _workers: [],[39m
[31m      _unref: false,[39m
[31m      allowHalfOpen: true,[39m
[31m      pauseOnConnect: false,[39m
[31m      noDelay: true,[39m
[31m      keepAlive: false,[39m
[31m      keepAliveInitialDelay: 0,[39m
[31m      httpAllowHalfOpen: false,[39m
[31m      timeout: 0,[39m
[31m      maxHeadersCount: null,[39m
[31m      maxRequestsPerSocket: 0,[39m
[31m      _connectionKey: '6::::8080',[39m
[31m      [Symbol(IncomingMessage)]: [Function: IncomingMessage],[39m
[31m      [Symbol(ServerResponse)]: [Function: ServerResponse],[39m
[31m      [Symbol(kCapture)]: false,[39m
[31m      [Symbol(async_id_symbol)]: 281,[39m
[31m      [Symbol(http.server.connections)]: ConnectionsList {},[39m
[31m      [Symbol(http.server.connectionsCheckingInterval)]: Timeout {[39m
[31m        _idleTimeout: 30000,[39m
[31m        _idlePrev: [TimersList],[39m
[31m        _idleNext: [TimersList],[39m
[31m        _idleStart: 1050,[39m
[31m        _onTimeout: [Function: bound checkConnections],[39m
[31m        _timerArgs: undefined,[39m
[31m        _repeat: 30000,[39m
[31m        _destroyed: false,[39m
[31m        [Symbol(refed)]: false,[39m
[31m        [Symbol(kHasPrimitive)]: false,[39m
[31m        [Symbol(asyncId)]: 280,[39m
[31m        [Symbol(triggerId)]: 0[39m
[31m      }[39m
[31m    },[39m
[31m    _server: Server {[39m
[31m      maxHeaderSize: undefined,[39m
[31m      insecureHTTPParser: undefined,[39m
[31m      requestTimeout: 300000,[39m
[31m      headersTimeout: 60000,[39m
[31m      keepAliveTimeout: 5000,[39m
[31m      connectionsCheckingInterval: 30000,[39m
[31m      _events: [Object: null prototype],[39m
[31m      _eventsCount: 2,[39m
[31m      _maxListeners: undefined,[39m
[31m      _connections: 1,[39m
[31m      _handle: [TCP],[39m
[31m      _usingWorkers: false,[39m
[31m      _workers: [],[39m
[31m      _unref: false,[39m
[31m      allowHalfOpen: true,[39m
[31m      pauseOnConnect: false,[39m
[31m      noDelay: true,[39m
[31m      keepAlive: false,[39m
[31m      keepAliveInitialDelay: 0,[39m
[31m      httpAllowHalfOpen: false,[39m
[31m      timeout: 0,[39m
[31m      maxHeadersCount: null,[39m
[31m      maxRequestsPerSocket: 0,[39m
[31m      _connectionKey: '6::::8080',[39m
[31m      [Symbol(IncomingMessage)]: [Function: IncomingMessage],[39m
[31m      [Symbol(ServerResponse)]: [Function: ServerResponse],[39m
[31m      [Symbol(kCapture)]: false,[39m
[31m      [Symbol(async_id_symbol)]: 281,[39m
[31m      [Symbol(http.server.connections)]: ConnectionsList {},[39m
[31m      [Symbol(http.server.connectionsCheckingInterval)]: Timeout {[39m
[31m        _idleTimeout: 30000,[39m
[31m        _idlePrev: [TimersList],[39m
[31m        _idleNext: [TimersList],[39m
[31m        _idleStart: 1050,[39m
[31m        _onTimeout: [Function: bound checkConnections],[39m
[31m        _timerArgs: undefined,[39m
[31m        _repeat: 30000,[39m
[31m        _destroyed: false,[39m
[31m        [Symbol(refed)]: false,[39m
[31m        [Symbol(kHasPrimitive)]: false,[39m
[31m        [Symbol(asyncId)]: 280,[39m
[31m        [Symbol(triggerId)]: 0[39m
[31m      }[39m
[31m    },[39m
[31m    parser: HTTPParser {[39m
[31m      '0': null,[39m
[31m      '1': [Function: parserOnHeaders],[39m
[31m      '2': [Function: parserOnHeadersComplete],[39m
[31m      '3': [Function: parserOnBody],[39m
[31m      '4': [Function: parserOnMessageComplete],[39m
[31m      '5': [Function: bound onParserExecute],[39m
[31m      '6': [Function: bound onParserTimeout],[39m
[31m      _headers: [],[39m
[31m      _url: '',[39m
[31m      socket: [Circular *1],[39m
[31m      incoming: [Circular *2],[39m
[31m      outgoing: null,[39m
[31m      maxHeaderPairs: 2000,[39m
[31m      _consumed: true,[39m
[31m      onIncoming: [Function: bound parserOnIncoming],[39m
[31m      [Symbol(resource_symbol)]: [HTTPServerAsyncResource][39m
[31m    },[39m
[31m    on: [Function: socketListenerWrap],[39m
[31m    addListener: [Function: socketListenerWrap],[39m
[31m    prependListener: [Function: socketListenerWrap],[39m
[31m    setEncoding: [Function: socketSetEncoding],[39m
[31m    _paused: false,[39m
[31m    _httpMessage: ServerResponse {[39m
[31m      _events: [Object: null prototype],[39m
[31m      _eventsCount: 1,[39m
[31m      _maxListeners: undefined,[39m
[31m      outputData: [],[39m
[31m      outputSize: 0,[39m
[31m      writable: true,[39m
[31m      destroyed: false,[39m
[31m      _last: false,[39m
[31m      chunkedEncoding: false,[39m
[31m      shouldKeepAlive: true,[39m
[31m      maxRequestsOnConnectionReached: false,[39m
[31m      _defaultKeepAlive: true,[39m
[31m      useChunkedEncodingByDefault: true,[39m
[31m      sendDate: true,[39m
[31m      _removedConnection: false,[39m
[31m      _removedContLen: false,[39m
[31m      _removedTE: false,[39m
[31m      _contentLength: null,[39m
[31m      _hasBody: true,[39m
[31m      _trailer: '',[39m
[31m      finished: false,[39m
[31m      _headerSent: false,[39m
[31m      _closed: false,[39m
[31m      socket: [Circular *1],[39m
[31m      _header: null,[39m
[31m      _keepAliveTimeout: 5000,[39m
[31m      _onPendingData: [Function: bound updateOutgoingData],[39m
[31m      req: [Circular *2],[39m
[31m      _sent100: false,[39m
[31m      _expect_continue: false,[39m
[31m      locals: [Object: null prototype] {},[39m
[31m      writeHead: [Function: writeHead],[39m
[31m      end: [Function: end],[39m
[31m      [Symbol(kCapture)]: false,[39m
[31m      [Symbol(kNeedDrain)]: false,[39m
[31m      [Symbol(corked)]: 0,[39m
[31m      [Symbol(kOutHeaders)]: [Object: null prototype][39m
[31m    },[39m
[31m    timeout: 0,[39m
[31m    [Symbol(async_id_symbol)]: 370,[39m
[31m    [Symbol(kHandle)]: TCP {[39m
[31m      reading: true,[39m
[31m      onconnection: null,[39m
[31m      _consumed: true,[39m
[31m      [Symbol(owner_symbol)]: [Circular *1][39m
[31m    },[39m
[31m    [Symbol(lastWriteQueueSize)]: 0,[39m
[31m    [Symbol(timeout)]: Timeout {[39m
[31m      _idleTimeout: -1,[39m
[31m      _idlePrev: null,[39m
[31m      _idleNext: null,[39m
[31m      _idleStart: 2470,[39m
[31m      _onTimeout: null,[39m
[31m      _timerArgs: undefined,[39m
[31m      _repeat: null,[39m
[31m      _destroyed: true,[39m
[31m      [Symbol(refed)]: false,[39m
[31m      [Symbol(kHasPrimitive)]: false,[39m
[31m      [Symbol(asyncId)]: 378,[39m
[31m      [Symbol(triggerId)]: 374[39m
[31m    },[39m
[31m    [Symbol(kBuffer)]: null,[39m
[31m    [Symbol(kBufferCb)]: null,[39m
[31m    [Symbol(kBufferGen)]: null,[39m
[31m    [Symbol(kCapture)]: false,[39m
[31m    [Symbol(kSetNoDelay)]: false,[39m
[31m    [Symbol(kSetKeepAlive)]: false,[39m
[31m    [Symbol(kSetKeepAliveInitialDelay)]: 0,[39m
[31m    [Symbol(kBytesRead)]: 0,[39m
[31m    [Symbol(kBytesWritten)]: 0[39m
[31m  },[39m
[31m  _consuming: true,[39m
[31m  _dumped: false,[39m
[31m  next: [Function: next],[39m
[31m  baseUrl: '/api/auth/login',[39m
[31m  originalUrl: '/api/auth/login',[39m
[31m  _parsedUrl: Url {[39m
[31m    protocol: null,[39m
[31m    slashes: null,[39m
[31m    auth: null,[39m
[31m    host: null,[39m
[31m    port: null,[39m
[31m    hostname: null,[39m
[31m    hash: null,[39m
[31m    search: null,[39m
[31m    query: null,[39m
[31m    pathname: '/',[39m
[31m    path: '/',[39m
[31m    href: '/',[39m
[31m    _raw: '/'[39m
[31m  },[39m
[31m  params: {},[39m
[31m  query: {},[39m
[31m  res: <ref *3> ServerResponse {[39m
[31m    _events: [Object: null prototype] { finish: [Function: bound resOnFinish] },[39m
[31m    _eventsCount: 1,[39m
[31m    _maxListeners: undefined,[39m
[31m    outputData: [],[39m
[31m    outputSize: 0,[39m
[31m    writable: true,[39m
[31m    destroyed: false,[39m
[31m    _last: false,[39m
[31m    chunkedEncoding: false,[39m
[31m    shouldKeepAlive: true,[39m
[31m    maxRequestsOnConnectionReached: false,[39m
[31m    _defaultKeepAlive: true,[39m
[31m    useChunkedEncodingByDefault: true,[39m
[31m    sendDate: true,[39m
[31m    _removedConnection: false,[39m
[31m    _removedContLen: false,[39m
[31m    _removedTE: false,[39m
[31m    _contentLength: null,[39m
[31m    _hasBody: true,[39m
[31m    _trailer: '',[39m
[31m    finished: false,[39m
[31m    _headerSent: false,[39m
[31m    _closed: false,[39m
[31m    socket: <ref *1> Socket {[39m
[31m      connecting: false,[39m
[31m      _hadError: false,[39m
[31m      _parent: null,[39m
[31m      _host: null,[39m
[31m      _readableState: [ReadableState],[39m
[31m      _events: [Object: null prototype],[39m
[31m      _eventsCount: 8,[39m
[31m      _maxListeners: undefined,[39m
[31m      _writableState: [WritableState],[39m
[31m      allowHalfOpen: true,[39m
[31m      _sockname: null,[39m
[31m      _pendingData: null,[39m
[31m      _pendingEncoding: '',[39m
[31m      server: [Server],[39m
[31m      _server: [Server],[39m
[31m      parser: [HTTPParser],[39m
[31m      on: [Function: socketListenerWrap],[39m
[31m      addListener: [Function: socketListenerWrap],[39m
[31m      prependListener: [Function: socketListenerWrap],[39m
[31m      setEncoding: [Function: socketSetEncoding],[39m
[31m      _paused: false,[39m
[31m      _httpMessage: [Circular *3],[39m
[31m      timeout: 0,[39m
[31m      [Symbol(async_id_symbol)]: 370,[39m
[31m      [Symbol(kHandle)]: [TCP],[39m
[31m      [Symbol(lastWriteQueueSize)]: 0,[39m
[31m      [Symbol(timeout)]: Timeout {[39m
[31m        _idleTimeout: -1,[39m
[31m        _idlePrev: null,[39m
[31m        _idleNext: null,[39m
[31m        _idleStart: 2470,[39m
[31m        _onTimeout: null,[39m
[31m        _timerArgs: undefined,[39m
[31m        _repeat: null,[39m
[31m        _destroyed: true,[39m
[31m        [Symbol(refed)]: false,[39m
[31m        [Symbol(kHasPrimitive)]: false,[39m
[31m        [Symbol(asyncId)]: 378,[39m
[31m        [Symbol(triggerId)]: 374[39m
[31m      },[39m
[31m      [Symbol(kBuffer)]: null,[39m
[31m      [Symbol(kBufferCb)]: null,[39m
[31m      [Symbol(kBufferGen)]: null,[39m
[31m      [Symbol(kCapture)]: false,[39m
[31m      [Symbol(kSetNoDelay)]: false,[39m
[31m      [Symbol(kSetKeepAlive)]: false,[39m
[31m      [Symbol(kSetKeepAliveInitialDelay)]: 0,[39m
[31m      [Symbol(kBytesRead)]: 0,[39m
[31m      [Symbol(kBytesWritten)]: 0[39m
[31m    },[39m
[31m    _header: null,[39m
[31m    _keepAliveTimeout: 5000,[39m
[31m    _onPendingData: [Function: bound updateOutgoingData],[39m
[31m    req: [Circular *2],[39m
[31m    _sent100: false,[39m
[31m    _expect_continue: false,[39m
[31m    locals: [Object: null prototype] {},[39m
[31m    writeHead: [Function: writeHead],[39m
[31m    end: [Function: end],[39m
[31m    [Symbol(kCapture)]: false,[39m
[31m    [Symbol(kNeedDrain)]: false,[39m
[31m    [Symbol(corked)]: 0,[39m
[31m    [Symbol(kOutHeaders)]: [Object: null prototype] {[39m
[31m      'x-powered-by': [Array],[39m
[31m      'access-control-allow-origin': [Array][39m
[31m    }[39m
[31m  },[39m
[31m  body: { email: 'luka@luka.com', password: 'luka' },[39m
[31m  _body: true,[39m
[31m  length: undefined,[39m
[31m  _parsedOriginalUrl: Url {[39m
[31m    protocol: null,[39m
[31m    slashes: null,[39m
[31m    auth: null,[39m
[31m    host: null,[39m
[31m    port: null,[39m
[31m    hostname: null,[39m
[31m    hash: null,[39m
[31m    search: null,[39m
[31m    query: null,[39m
[31m    pathname: '/api/auth/login',[39m
[31m    path: '/api/auth/login',[39m
[31m    href: '/api/auth/login',[39m
[31m    _raw: '/api/auth/login'[39m
[31m  },[39m
[31m  sessionStore: MemoryStore {[39m
[31m    _events: [Object: null prototype] {[39m
[31m      disconnect: [Function: ondisconnect],[39m
[31m      connect: [Function: onconnect][39m
[31m    },[39m
[31m    _eventsCount: 2,[39m
[31m    _maxListeners: undefined,[39m
[31m    sessions: [Object: null prototype] {},[39m
[31m    generate: [Function (anonymous)],[39m
[31m    [Symbol(kCapture)]: false[39m
[31m  },[39m
[31m  sessionID: 'pwKmI27J_CA6SWdD1rS1XJMW9skktqu1',[39m
[31m  session: Session {[39m
[31m    cookie: {[39m
[31m      path: '/',[39m
[31m      _expires: 2022-09-19T00:17:30.573Z,[39m
[31m      originalMaxAge: 600000,[39m
[31m      httpOnly: false,[39m
[31m      secure: false[39m
[31m    }[39m
[31m  },[39m
[31m  logIn: [Function (anonymous)],[39m
[31m  login: [Function (anonymous)],[39m
[31m  logOut: [Function (anonymous)],[39m
[31m  logout: [Function (anonymous)],[39m
[31m  isAuthenticated: [Function (anonymous)],[39m
[31m  isUnauthenticated: [Function (anonymous)],[39m
[31m  _sessionManager: SessionManager {[39m
[31m    _key: 'passport',[39m
[31m    _serializeUser: [Function: bound ][39m
[31m  },[39m
[31m  _passport: {[39m
[31m    instance: Authenticator {[39m
[31m      _key: 'passport',[39m
[31m      _strategies: [Object],[39m
[31m      _serializers: [Array],[39m
[31m      _deserializers: [Array],[39m
[31m      _infoTransformers: [],[39m
[31m      _framework: [Object],[39m
[31m      _sm: [SessionManager],[39m
[31m      Authenticator: [Function: Authenticator],[39m
[31m      Passport: [Function: Authenticator],[39m
[31m      Strategy: [Function],[39m
[31m      strategies: [Object],[39m
[31m      _userProperty: 'user'[39m
[31m    }[39m
[31m  },[39m
[31m  route: Route {[39m
[31m    path: '/',[39m
[31m    stack: [ [Layer], [Layer] ],[39m
[31m    methods: { post: true }[39m
[31m  },[39m
[31m  [Symbol(kCapture)]: false,[39m
[31m  [Symbol(kHeaders)]: {[39m
[31m    host: 'localhost:8080',[39m
[31m    connection: 'keep-alive',[39m
[31m    'content-length': '43',[39m
[31m    pragma: 'no-cache',[39m
[31m    'cache-control': 'no-cache',[39m
[31m    'sec-ch-ua': '"Google Chrome";v="105", "Not)A;Brand";v="8", "Chromium";v="105"',[39m
[31m    accept: 'application/json, text/plain, */*',[39m
[31m    'content-type': 'application/json',[39m
[31m    'sec-ch-ua-mobile': '?0',[39m
[31m    'user-agent': 'Mozilla/5.0 (Windows NT 10.0; Win64; x64) AppleWebKit/537.36 (KHTML, like Gecko) Chrome/105.0.0.0 Safari/537.36',[39m
[31m    'sec-ch-ua-platform': '"Windows"',[39m
[31m    origin: 'http://localhost:5173',[39m
[31m    'sec-fetch-site': 'same-site',[39m
[31m    'sec-fetch-mode': 'cors',[39m
[31m    'sec-fetch-dest': 'empty',[39m
[31m    referer: 'http://localhost:5173/',[39m
[31m    'accept-encoding': 'gzip, deflate, br',[39m
[31m    'accept-language': 'es-ES,es;q=0.9,en;q=0.8'[39m
[31m  },[39m
[31m  [Symbol(kHeadersCount)]: 36,[39m
[31m  [Symbol(kTrailers)]: null,[39m
[31m  [Symbol(kTrailersCount)]: 0[39m
[31m}" (type IncomingMessage) at path "email" for model "users"[39m
2022-09-18 22:55:56:5556 [31merror[39m: [31mWorker 16120 died[39m
2022-09-18 22:56:30:5630 [31merror[39m: [31mWorker 2764 died[39m
2022-09-18 22:56:30:5630 [31merror[39m: [31mWorker 15032 died[39m
2022-09-18 22:56:58:5658 [31merror[39m: [31mWorker 19616 died[39m
2022-09-18 22:56:58:5658 [31merror[39m: [31mWorker 2928 died[39m
2022-09-18 22:56:58:5658 [31merror[39m: [31mWorker 18116 died[39m
2022-09-18 22:56:58:5658 [31merror[39m: [31mWorker 8732 died[39m
2022-09-18 22:56:58:5658 [31merror[39m: [31mWorker 9848 died[39m
2022-09-18 22:56:58:5658 [31merror[39m: [31mWorker 13500 died[39m
2022-09-18 22:56:58:5658 [31merror[39m: [31mWorker 18712 died[39m
2022-09-18 22:56:58:5658 [31merror[39m: [31mWorker 4596 died[39m
2022-09-18 22:56:58:5658 [31merror[39m: [31mWorker 15544 died[39m
2022-09-18 22:56:58:5658 [31merror[39m: [31mWorker 6808 died[39m
2022-09-18 22:56:58:5658 [31merror[39m: [31mWorker 13760 died[39m
2022-09-18 22:56:58:5658 [31merror[39m: [31mWorker 1452 died[39m
2022-09-18 22:56:59:5659 [31merror[39m: [31mWorker 1336 died[39m
2022-09-18 22:56:59:5659 [31merror[39m: [31mWorker 20336 died[39m
2022-09-18 22:56:59:5659 [31merror[39m: [31mWorker 4924 died[39m
2022-09-18 22:56:59:5659 [31merror[39m: [31mWorker 15456 died[39m
2022-09-18 22:56:59:5659 [31merror[39m: [31mWorker 18268 died[39m
2022-09-18 22:56:59:5659 [31merror[39m: [31mWorker 10516 died[39m
2022-09-18 22:56:59:5659 [31merror[39m: [31mWorker 8820 died[39m
2022-09-18 22:56:59:5659 [31merror[39m: [31mWorker 19808 died[39m
2022-09-18 22:56:59:5659 [31merror[39m: [31mWorker 3972 died[39m
2022-09-18 22:56:59:5659 [31merror[39m: [31mWorker 2412 died[39m
2022-09-18 22:56:59:5659 [31merror[39m: [31mWorker 3652 died[39m
2022-09-18 22:56:59:5659 [31merror[39m: [31mWorker 4292 died[39m
2022-09-18 22:57:00:570 [31merror[39m: [31mWorker 2440 died[39m
2022-09-18 22:57:00:570 [31merror[39m: [31mWorker 18388 died[39m
2022-09-18 22:57:00:570 [31merror[39m: [31mWorker 2764 died[39m
2022-09-18 22:57:00:570 [31merror[39m: [31mWorker 16568 died[39m
2022-09-18 22:57:00:570 [31merror[39m: [31mWorker 4808 died[39m
2022-09-18 22:57:00:570 [31merror[39m: [31mWorker 15316 died[39m
2022-09-18 22:57:00:570 [31merror[39m: [31mWorker 14872 died[39m
2022-09-18 22:57:00:570 [31merror[39m: [31mWorker 18952 died[39m
2022-09-18 22:57:00:570 [31merror[39m: [31mWorker 11304 died[39m
2022-09-18 22:57:00:570 [31merror[39m: [31mWorker 13340 died[39m
2022-09-18 22:57:00:570 [31merror[39m: [31mWorker 1976 died[39m
2022-09-18 22:57:00:570 [31merror[39m: [31mWorker 11732 died[39m
2022-09-18 22:57:01:571 [31merror[39m: [31mWorker 11888 died[39m
2022-09-18 22:57:01:571 [31merror[39m: [31mWorker 13328 died[39m
2022-09-18 22:57:01:571 [31merror[39m: [31mWorker 10144 died[39m
2022-09-18 22:57:01:571 [31merror[39m: [31mWorker 11828 died[39m
2022-09-18 22:57:01:571 [31merror[39m: [31mWorker 9228 died[39m
2022-09-18 22:57:01:571 [31merror[39m: [31mWorker 18984 died[39m
2022-09-18 22:57:01:571 [31merror[39m: [31mWorker 14316 died[39m
2022-09-18 22:57:01:571 [31merror[39m: [31mWorker 6308 died[39m
2022-09-18 22:57:01:571 [31merror[39m: [31mWorker 9428 died[39m
2022-09-18 22:57:01:571 [31merror[39m: [31mWorker 8816 died[39m
2022-09-18 22:57:01:571 [31merror[39m: [31mWorker 2964 died[39m
2022-09-18 22:57:01:571 [31merror[39m: [31mWorker 7536 died[39m
2022-09-18 22:57:02:572 [31merror[39m: [31mWorker 9112 died[39m
2022-09-18 22:57:02:572 [31merror[39m: [31mWorker 2848 died[39m
2022-09-18 22:57:02:572 [31merror[39m: [31mWorker 19724 died[39m
2022-09-18 22:57:02:572 [31merror[39m: [31mWorker 18748 died[39m
2022-09-18 22:57:02:572 [31merror[39m: [31mWorker 11056 died[39m
2022-09-18 22:57:02:572 [31merror[39m: [31mWorker 6808 died[39m
2022-09-18 22:57:02:572 [31merror[39m: [31mWorker 3580 died[39m
2022-09-18 22:57:02:572 [31merror[39m: [31mWorker 3880 died[39m
2022-09-18 22:57:02:572 [31merror[39m: [31mWorker 1604 died[39m
2022-09-18 22:57:02:572 [31merror[39m: [31mWorker 19880 died[39m
2022-09-18 22:57:02:572 [31merror[39m: [31mWorker 12880 died[39m
2022-09-18 22:57:02:572 [31merror[39m: [31mWorker 10732 died[39m
2022-09-18 22:57:03:573 [31merror[39m: [31mWorker 7532 died[39m
2022-09-18 22:57:03:573 [31merror[39m: [31mWorker 9792 died[39m
2022-09-18 22:57:03:573 [31merror[39m: [31mWorker 14192 died[39m
2022-09-18 22:57:03:573 [31merror[39m: [31mWorker 14400 died[39m
2022-09-18 22:57:03:573 [31merror[39m: [31mWorker 1028 died[39m
2022-09-18 22:57:03:573 [31merror[39m: [31mWorker 2344 died[39m
2022-09-18 22:57:03:573 [31merror[39m: [31mWorker 16312 died[39m
2022-09-18 22:57:03:573 [31merror[39m: [31mWorker 4588 died[39m
2022-09-18 22:57:03:573 [31merror[39m: [31mWorker 7796 died[39m
2022-09-18 22:57:03:573 [31merror[39m: [31mWorker 2440 died[39m
2022-09-18 22:57:03:573 [31merror[39m: [31mWorker 16440 died[39m
2022-09-18 22:57:04:574 [31merror[39m: [31mWorker 20328 died[39m
2022-09-18 22:57:04:574 [31merror[39m: [31mWorker 19952 died[39m
2022-09-18 22:57:04:574 [31merror[39m: [31mWorker 2216 died[39m
2022-09-18 22:57:04:574 [31merror[39m: [31mWorker 9928 died[39m
2022-09-18 22:57:04:574 [31merror[39m: [31mWorker 11816 died[39m
2022-09-18 22:57:04:574 [31merror[39m: [31mWorker 15268 died[39m
2022-09-18 22:57:05:575 [31merror[39m: [31mWorker 20456 died[39m
2022-09-18 22:57:05:575 [31merror[39m: [31mWorker 14164 died[39m
2022-09-18 22:57:05:575 [31merror[39m: [31mWorker 2308 died[39m
2022-09-18 22:57:05:575 [31merror[39m: [31mWorker 3088 died[39m
2022-09-18 22:57:05:575 [31merror[39m: [31mWorker 8876 died[39m
2022-09-18 22:57:05:575 [31merror[39m: [31mWorker 14188 died[39m
2022-09-18 22:57:05:575 [31merror[39m: [31mWorker 13048 died[39m
2022-09-18 22:57:05:575 [31merror[39m: [31mWorker 14048 died[39m
2022-09-18 22:57:05:575 [31merror[39m: [31mWorker 12540 died[39m
2022-09-18 22:57:05:575 [31merror[39m: [31mWorker 8732 died[39m
2022-09-18 22:57:06:576 [31merror[39m: [31mWorker 14712 died[39m
2022-09-18 22:57:06:576 [31merror[39m: [31mWorker 9468 died[39m
2022-09-18 22:57:06:576 [31merror[39m: [31mWorker 15544 died[39m
2022-09-18 22:57:06:576 [31merror[39m: [31mWorker 9168 died[39m
2022-09-18 22:57:06:576 [31merror[39m: [31mWorker 18832 died[39m
2022-09-18 22:57:06:576 [31merror[39m: [31mWorker 7932 died[39m
2022-09-18 22:57:06:576 [31merror[39m: [31mWorker 20276 died[39m
2022-09-18 22:57:06:576 [31merror[39m: [31mWorker 8428 died[39m
2022-09-18 22:57:06:576 [31merror[39m: [31mWorker 19880 died[39m
2022-09-18 22:57:06:576 [31merror[39m: [31mWorker 18976 died[39m
2022-09-18 22:57:06:576 [31merror[39m: [31mWorker 11304 died[39m
2022-09-18 22:57:07:577 [31merror[39m: [31mWorker 4232 died[39m
2022-09-18 22:57:07:577 [31merror[39m: [31mWorker 11584 died[39m
2022-09-18 22:57:07:577 [31merror[39m: [31mWorker 15092 died[39m
2022-09-18 22:57:07:577 [31merror[39m: [31mWorker 8564 died[39m
2022-09-18 22:57:07:577 [31merror[39m: [31mWorker 15708 died[39m
2022-09-18 22:57:07:577 [31merror[39m: [31mWorker 19212 died[39m
2022-09-18 22:57:07:577 [31merror[39m: [31mWorker 14292 died[39m
2022-09-18 22:57:07:577 [31merror[39m: [31mWorker 14896 died[39m
2022-09-18 22:57:07:577 [31merror[39m: [31mWorker 7748 died[39m
2022-09-18 22:57:07:577 [31merror[39m: [31mWorker 12672 died[39m
2022-09-18 22:57:08:578 [31merror[39m: [31mWorker 15292 died[39m
2022-09-18 22:57:08:578 [31merror[39m: [31mWorker 17368 died[39m
2022-09-18 22:57:08:578 [31merror[39m: [31mWorker 13668 died[39m
2022-09-18 22:57:08:578 [31merror[39m: [31mWorker 15900 died[39m
2022-09-18 22:57:08:578 [31merror[39m: [31mWorker 2764 died[39m
2022-09-18 22:57:08:578 [31merror[39m: [31mWorker 20328 died[39m
2022-09-18 22:57:08:578 [31merror[39m: [31mWorker 6472 died[39m
2022-09-18 22:57:08:578 [31merror[39m: [31mWorker 9992 died[39m
2022-09-18 22:57:08:578 [31merror[39m: [31mWorker 5268 died[39m
2022-09-18 22:57:08:578 [31merror[39m: [31mWorker 14700 died[39m
2022-09-18 22:57:08:578 [31merror[39m: [31mWorker 18312 died[39m
2022-09-18 22:57:08:578 [31merror[39m: [31mWorker 7704 died[39m
2022-09-18 22:57:09:579 [31merror[39m: [31mWorker 6308 died[39m
2022-09-18 22:57:09:579 [31merror[39m: [31mWorker 6600 died[39m
2022-09-18 22:57:09:579 [31merror[39m: [31mWorker 14164 died[39m
2022-09-18 22:57:09:579 [31merror[39m: [31mWorker 14072 died[39m
2022-09-18 22:57:09:579 [31merror[39m: [31mWorker 3088 died[39m
2022-09-18 22:57:09:579 [31merror[39m: [31mWorker 2964 died[39m
2022-09-18 22:57:09:579 [31merror[39m: [31mWorker 9848 died[39m
2022-09-18 22:57:09:579 [31merror[39m: [31mWorker 12800 died[39m
2022-09-18 22:57:09:579 [31merror[39m: [31mWorker 17264 died[39m
2022-09-18 22:57:09:579 [31merror[39m: [31mWorker 4484 died[39m
2022-09-18 22:57:09:579 [31merror[39m: [31mWorker 13156 died[39m
2022-09-18 22:57:09:579 [31merror[39m: [31mWorker 7008 died[39m
2022-09-18 22:57:10:5710 [31merror[39m: [31mWorker 17892 died[39m
2022-09-18 22:57:10:5710 [31merror[39m: [31mWorker 1676 died[39m
2022-09-20 20:35:05:355 [31merror[39m: [31mInvalid scheme, expected connection string to start with "mongodb://" or "mongodb+srv://"[39m
2022-09-20 20:35:05:355 [31merror[39m: [31mInvalid scheme, expected connection string to start with "mongodb://" or "mongodb+srv://"[39m
2022-09-20 20:35:05:355 [31merror[39m: [31mInvalid scheme, expected connection string to start with "mongodb://" or "mongodb+srv://"[39m
2022-09-20 20:35:05:355 [31merror[39m: [31mInvalid scheme, expected connection string to start with "mongodb://" or "mongodb+srv://"[39m
2022-09-20 22:02:03:23 [31merror[39m: [31mgetaddrinfo ENOTFOUND ac-yhcrp85-shard-00-02.9slvdpx.mongodb.net[39m
2022-09-20 22:02:03:23 [31merror[39m: [31mCould not connect to any servers in your MongoDB Atlas cluster. One common reason is that you're trying to access the database from an IP that isn't whitelisted. Make sure your current IP address is on your Atlas cluster's IP whitelist: https://docs.atlas.mongodb.com/security-whitelist/[39m
2022-09-20 22:02:03:23 [31merror[39m: [31mgetaddrinfo ENOTFOUND ac-yhcrp85-shard-00-02.9slvdpx.mongodb.net[39m
2022-09-21 00:07:25:725 [31merror[39m: [31mWorker 12260 died[39m
2022-09-21 00:07:53:753 [31merror[39m: [31mWorker 19940 died[39m
2022-09-21 00:09:38:938 [31merror[39m: [31mWorker 1476 died[39m
2022-09-21 00:10:29:1029 [31merror[39m: [31mWorker 22076 died[39m
2022-09-21 01:13:17:1317 [31merror[39m: [31mWorker 5804 died[39m
2022-09-21 01:37:02:372 [31merror[39m: [31mWorker 4052 died[39m
2022-09-21 02:08:50:850 [31merror[39m: [31mWorker 17712 died[39m
2022-09-21 02:08:50:850 [31merror[39m: [31mWorker 15728 died[39m
2022-09-21 02:08:50:850 [31merror[39m: [31mWorker 6100 died[39m
2022-09-21 02:10:44:1044 [31merror[39m: [31mMessage cannot have the same To and From for account AC02204c5dbb746f9a4b88937c01ebdb98[39m
2022-09-21 02:10:44:1044 [31merror[39m: [31mThe 'To' number +541151196494 is not a valid phone number.[39m
2022-09-21 02:14:40:1440 [31merror[39m: [31mThe From phone number +14156884237 is not a valid, SMS-capable inbound phone number or short code for your account.[39m
2022-09-21 02:14:44:1444 [31merror[39m: [31minfo is not defined[39m
2022-09-21 02:15:32:1532 [31merror[39m: [31mWorker 11308 died[39m
2022-09-21 02:15:58:1558 [31merror[39m: [31minfo is not defined[39m
2022-09-21 02:16:55:1655 [31merror[39m: [31minfo is not defined[39m
2022-09-21 02:23:29:2329 [31merror[39m: [31mThe number  is unverified. Trial accounts cannot send messages to unverified numbers; verify  at twilio.com/user/account/phone-numbers/verified, or purchase a Twilio number to send messages to unverified numbers.[39m
2022-09-21 02:24:37:2437 [31merror[39m: [31mThe number  is unverified. Trial accounts cannot send messages to unverified numbers; verify  at twilio.com/user/account/phone-numbers/verified, or purchase a Twilio number to send messages to unverified numbers.[39m
2022-10-11 00:34:11:3411 [31merror[39m: [31mconnect ECONNREFUSED ::1:27017[39m
2022-10-11 00:34:11:3411 [31merror[39m: [31mconnect ECONNREFUSED ::1:27017[39m
2022-10-11 00:34:11:3411 [31merror[39m: [31mconnect ECONNREFUSED ::1:27017[39m
2022-10-11 00:34:11:3411 [31merror[39m: [31mconnect ECONNREFUSED ::1:27017[39m
2022-10-11 00:34:11:3411 [31merror[39m: [31mconnect ECONNREFUSED ::1:27017[39m
2022-10-11 00:34:11:3411 [31merror[39m: [31mconnect ECONNREFUSED ::1:27017[39m
2022-10-11 00:34:11:3411 [31merror[39m: [31mconnect ECONNREFUSED ::1:27017[39m
2022-10-11 00:34:11:3411 [31merror[39m: [31mconnect ECONNREFUSED ::1:27017[39m
2022-10-11 00:34:11:3411 [31merror[39m: [31mconnect ECONNREFUSED ::1:27017[39m
2022-10-11 00:34:11:3411 [31merror[39m: [31mconnect ECONNREFUSED ::1:27017[39m
2022-10-11 00:34:11:3411 [31merror[39m: [31mconnect ECONNREFUSED ::1:27017[39m
2022-10-11 00:34:11:3411 [31merror[39m: [31mconnect ECONNREFUSED ::1:27017[39m
2022-10-11 00:58:16:5816 [31merror[39m: [31mWorker 21284 died[39m
2022-10-11 01:05:04:54 [31merror[39m: [31mWorker 18808 died[39m
2022-10-11 01:21:42:2142 [31merror[39m: [31mWorker 17788 died[39m
2022-10-11 01:23:55:2355 [31merror[39m: [31mWorker 8312 died[39m
2022-10-11 01:23:56:2356 [31merror[39m: [31mWorker 10960 died[39m
2022-10-11 01:23:56:2356 [31merror[39m: [31mWorker 8736 died[39m
2022-10-11 01:23:56:2356 [31merror[39m: [31mWorker 21420 died[39m
2022-10-11 01:23:56:2356 [31merror[39m: [31mWorker 4856 died[39m
2022-10-11 01:23:56:2356 [31merror[39m: [31mWorker 20536 died[39m
2022-10-11 01:23:56:2356 [31merror[39m: [31mWorker 21020 died[39m
2022-10-11 01:23:56:2356 [31merror[39m: [31mWorker 3800 died[39m
2022-10-11 01:23:56:2356 [31merror[39m: [31mWorker 14312 died[39m
2022-10-11 01:23:56:2356 [31merror[39m: [31mWorker 10692 died[39m
2022-10-11 01:23:56:2356 [31merror[39m: [31mWorker 10760 died[39m
2022-10-11 01:23:56:2356 [31merror[39m: [31mWorker 19160 died[39m
2022-10-11 01:23:57:2357 [31merror[39m: [31mWorker 16564 died[39m
2022-10-11 01:23:57:2357 [31merror[39m: [31mWorker 2524 died[39m
2022-10-11 01:23:57:2357 [31merror[39m: [31mWorker 14552 died[39m
2022-10-11 01:23:57:2357 [31merror[39m: [31mWorker 18712 died[39m
2022-10-11 01:23:57:2357 [31merror[39m: [31mWorker 20892 died[39m
2022-10-11 01:23:57:2357 [31merror[39m: [31mWorker 19496 died[39m
2022-10-11 01:23:57:2357 [31merror[39m: [31mWorker 13632 died[39m
2022-10-11 01:23:57:2357 [31merror[39m: [31mWorker 16824 died[39m
2022-10-11 01:23:57:2357 [31merror[39m: [31mWorker 9004 died[39m
2022-10-11 01:23:57:2357 [31merror[39m: [31mWorker 7684 died[39m
2022-10-11 01:23:57:2357 [31merror[39m: [31mWorker 8784 died[39m
2022-10-11 01:23:57:2357 [31merror[39m: [31mWorker 7556 died[39m
2022-10-11 01:23:58:2358 [31merror[39m: [31mWorker 7804 died[39m
2022-10-11 01:23:58:2358 [31merror[39m: [31mWorker 21136 died[39m
2022-10-11 01:23:58:2358 [31merror[39m: [31mWorker 20600 died[39m
2022-10-11 01:23:58:2358 [31merror[39m: [31mWorker 8804 died[39m
2022-10-11 01:23:58:2358 [31merror[39m: [31mWorker 20752 died[39m
2022-10-11 01:23:58:2358 [31merror[39m: [31mWorker 14276 died[39m
2022-10-11 01:23:58:2358 [31merror[39m: [31mWorker 11076 died[39m
2022-10-11 01:23:58:2358 [31merror[39m: [31mWorker 19028 died[39m
2022-10-11 01:23:58:2358 [31merror[39m: [31mWorker 19088 died[39m
2022-10-11 01:23:58:2358 [31merror[39m: [31mWorker 15720 died[39m
2022-10-11 01:23:58:2358 [31merror[39m: [31mWorker 4604 died[39m
2022-10-11 01:23:58:2358 [31merror[39m: [31mWorker 5000 died[39m
2022-10-11 01:23:59:2359 [31merror[39m: [31mWorker 13580 died[39m
2022-10-11 01:23:59:2359 [31merror[39m: [31mWorker 4996 died[39m
2022-10-11 01:23:59:2359 [31merror[39m: [31mWorker 11296 died[39m
2022-10-11 01:23:59:2359 [31merror[39m: [31mWorker 11856 died[39m
2022-10-11 01:23:59:2359 [31merror[39m: [31mWorker 15580 died[39m
2022-10-17 20:00:14:014 [31merror[39m: [31mWorker 20612 died[39m
